Loading plugins phase: Elapsed time ==> 0s.149ms
<CYPRESSTAG name="CyDsfit arguments...">
cydsfit arguments: -.fdsnotice -.fdswarpdepfile=warp_dependencies.txt -.fdselabdepfile=elab_dependencies.txt -.fdsbldfile=generated_files.txt -.fdsreffile=referenced_files.txt -p C:\Users\diego.gomez\Documents\Diego\Programables\Programables\Workspace01\Design01.cydsn\Design01.cyprj -d CY8C5888LTI-LP097 -s C:\Users\diego.gomez\Documents\Diego\Programables\Programables\Workspace01\Design01.cydsn\Generated_Source\PSoC5 -- -yv2 -q10 -ygs -o2 -v3 -.fftcfgtype=LE
</CYPRESSTAG>
<CYPRESSTAG name="Design elaboration results...">
</CYPRESSTAG>
Elaboration phase: Elapsed time ==> 1s.192ms
<CYPRESSTAG name="HDL generation results...">
</CYPRESSTAG>
HDL generation phase: Elapsed time ==> 0s.049ms
<CYPRESSTAG name="Synthesis results...">

     | | | | | | |
   _________________
  -|               |-
  -|               |-
  -|               |-
  -|    CYPRESS    |-
  -|               |-
  -|               |-   Warp Verilog Synthesis Compiler: Version 6.3 IR 41
  -|               |-   Copyright (C) 1991-2001 Cypress Semiconductor
   |_______________|
     | | | | | | |

======================================================================
Compiling:  Design01.v
Program  :   C:\Program Files (x86)\Cypress\PSoC Creator\4.4\PSoC Creator\warp\bin\warp.exe
Options  :    -yv2 -q10 -ygs -o2 -v3 -.fftcfgtype=LE -ya -.fftprj=C:\Users\diego.gomez\Documents\Diego\Programables\Programables\Workspace01\Design01.cydsn\Design01.cyprj -dcpsoc3 Design01.v -verilog
======================================================================

======================================================================
Compiling:  Design01.v
Program  :   C:\Program Files (x86)\Cypress\PSoC Creator\4.4\PSoC Creator\warp\bin\warp.exe
Options  :    -yv2 -q10 -ygs -o2 -v3 -.fftcfgtype=LE -ya -.fftprj=C:\Users\diego.gomez\Documents\Diego\Programables\Programables\Workspace01\Design01.cydsn\Design01.cyprj -dcpsoc3 Design01.v -verilog
======================================================================

======================================================================
Compiling:  Design01.v
Program  :   vlogfe
Options  :    -yv2 -q10 -ygs -o2 -v3 -.fftcfgtype=LE -ya -.fftprj=C:\Users\diego.gomez\Documents\Diego\Programables\Programables\Workspace01\Design01.cydsn\Design01.cyprj -dcpsoc3 -verilog Design01.v
======================================================================

vlogfe V6.3 IR 41:  Verilog parser
Wed Mar 03 10:47:42 2021


======================================================================
Compiling:  Design01.v
Program  :   vpp
Options  :    -yv2 -q10 Design01.v
======================================================================

vpp V6.3 IR 41:  Verilog Pre-Processor
Wed Mar 03 10:47:42 2021

Flattening file 'C:\Program Files (x86)\Cypress\PSoC Creator\4.4\PSoC Creator\psoc\content\CyComponentLibrary\CyComponentLibrary.cylib\B_PWM_v3_30\B_PWM_v3_30.v'
Flattening file 'C:\Program Files (x86)\Cypress\PSoC Creator\4.4\PSoC Creator\warp\lib\common\cypress.v'
Flattening file 'C:\Program Files (x86)\Cypress\PSoC Creator\4.4\PSoC Creator\warp\lib\common\cy_psoc3_inc.v'
Flattening file 'C:\Program Files (x86)\Cypress\PSoC Creator\4.4\PSoC Creator\psoc\content\CyPrimitives\cyprimitives.cylib\cy_virtualmux_v1_0\cy_virtualmux_v1_0.v'
Flattening file 'C:\Program Files (x86)\Cypress\PSoC Creator\4.4\PSoC Creator\psoc\content\CyPrimitives\cyprimitives.cylib\OneTerminal\OneTerminal.v'
Flattening file 'C:\Program Files (x86)\Cypress\PSoC Creator\4.4\PSoC Creator\psoc\content\CyPrimitives\cyprimitives.cylib\ZeroTerminal\ZeroTerminal.v'

vpp:  No errors.

Library 'work' => directory 'lcpsoc3'
General_symbol_table
General_symbol_table
Linking 'C:\Program Files (x86)\Cypress\PSoC Creator\4.4\PSoC Creator\warp\lib\common\std.vhd'.
Linking 'C:\Program Files (x86)\Cypress\PSoC Creator\4.4\PSoC Creator\warp\lib\common\cypress.vhd'.
Linking 'C:\Program Files (x86)\Cypress\PSoC Creator\4.4\PSoC Creator\warp\lib\common\work\cypress.vif'.
Linking 'C:\Program Files (x86)\Cypress\PSoC Creator\4.4\PSoC Creator\warp\lib\ieee\work\stdlogic.vif'.
Linking 'C:\Program Files (x86)\Cypress\PSoC Creator\4.4\PSoC Creator\warp\lib\common\stdlogic\lpmpkg.vif'.
Linking 'C:\Program Files (x86)\Cypress\PSoC Creator\4.4\PSoC Creator\warp\lib\common\stdlogic\rtlpkg.vif'.
Linking 'C:\Program Files (x86)\Cypress\PSoC Creator\4.4\PSoC Creator\warp\lib\common\stdlogic\mod_cnst.vif'.
Linking 'C:\Program Files (x86)\Cypress\PSoC Creator\4.4\PSoC Creator\warp\lib\common\stdlogic\mod_mthv.vif'.
Linking 'C:\Program Files (x86)\Cypress\PSoC Creator\4.4\PSoC Creator\warp\lib\common\stdlogic\mod_genv.vif'.
Using control file 'Design01.ctl'.
C:\Program Files (x86)\Cypress\PSoC Creator\4.4\PSoC Creator\psoc\content\CyComponentLibrary\CyComponentLibrary.cylib\B_PWM_v3_30\B_PWM_v3_30.v (line 947, col 46):  Note: Substituting module 'sub_vi_vv' for '-'.
C:\Program Files (x86)\Cypress\PSoC Creator\4.4\PSoC Creator\psoc\content\CyComponentLibrary\CyComponentLibrary.cylib\B_PWM_v3_30\B_PWM_v3_30.v (line 977, col 46):  Note: Substituting module 'add_vi_vv' for '+'.
Linking 'C:\Program Files (x86)\Cypress\PSoC Creator\4.4\PSoC Creator\warp\lib\common\stdlogic\cy_psoc3pkg.vif'.
Linking 'C:\Program Files (x86)\Cypress\PSoC Creator\4.4\PSoC Creator\warp\lib\common\stdlogic\cy_psoc3.vif'.

vlogfe:  No errors.


======================================================================
Compiling:  Design01.v
Program  :   tovif
Options  :    -yv2 -q10 -ygs -o2 -v3 -.fftcfgtype=LE -ya -.fftprj=C:\Users\diego.gomez\Documents\Diego\Programables\Programables\Workspace01\Design01.cydsn\Design01.cyprj -dcpsoc3 -verilog Design01.v
======================================================================

tovif V6.3 IR 41:  High-level synthesis
Wed Mar 03 10:47:42 2021

Linking 'C:\Program Files (x86)\Cypress\PSoC Creator\4.4\PSoC Creator\warp\lib\common\std.vhd'.
Linking 'C:\Program Files (x86)\Cypress\PSoC Creator\4.4\PSoC Creator\warp\lib\common\cypress.vhd'.
Linking 'C:\Program Files (x86)\Cypress\PSoC Creator\4.4\PSoC Creator\warp\lib\common\work\cypress.vif'.
Linking 'C:\Program Files (x86)\Cypress\PSoC Creator\4.4\PSoC Creator\warp\lib\ieee\work\stdlogic.vif'.
Linking 'C:\Program Files (x86)\Cypress\PSoC Creator\4.4\PSoC Creator\warp\lib\common\stdlogic\lpmpkg.vif'.
Linking 'C:\Program Files (x86)\Cypress\PSoC Creator\4.4\PSoC Creator\warp\lib\common\stdlogic\rtlpkg.vif'.
Linking 'C:\Program Files (x86)\Cypress\PSoC Creator\4.4\PSoC Creator\warp\lib\common\stdlogic\mod_cnst.vif'.
Linking 'C:\Program Files (x86)\Cypress\PSoC Creator\4.4\PSoC Creator\warp\lib\common\stdlogic\mod_mthv.vif'.
Linking 'C:\Program Files (x86)\Cypress\PSoC Creator\4.4\PSoC Creator\warp\lib\common\stdlogic\mod_genv.vif'.
Linking 'C:\Users\diego.gomez\Documents\Diego\Programables\Programables\Workspace01\Design01.cydsn\codegentemp\Design01.ctl'.
Linking 'C:\Program Files (x86)\Cypress\PSoC Creator\4.4\PSoC Creator\psoc\content\CyComponentLibrary\CyComponentLibrary.cylib\B_PWM_v3_30\B_PWM_v3_30.v'.
Linking 'C:\Program Files (x86)\Cypress\PSoC Creator\4.4\PSoC Creator\warp\lib\common\cypress.v'.
Linking 'C:\Program Files (x86)\Cypress\PSoC Creator\4.4\PSoC Creator\warp\lib\common\cy_psoc3_inc.v'.
Linking 'C:\Users\diego.gomez\Documents\Diego\Programables\Programables\Workspace01\Design01.cydsn\codegentemp\Design01.v'.
Linking 'C:\Program Files (x86)\Cypress\PSoC Creator\4.4\PSoC Creator\psoc\content\CyPrimitives\cyprimitives.cylib\cy_virtualmux_v1_0\cy_virtualmux_v1_0.v'.
Linking 'C:\Program Files (x86)\Cypress\PSoC Creator\4.4\PSoC Creator\psoc\content\CyPrimitives\cyprimitives.cylib\OneTerminal\OneTerminal.v'.
Linking 'C:\Program Files (x86)\Cypress\PSoC Creator\4.4\PSoC Creator\psoc\content\CyPrimitives\cyprimitives.cylib\ZeroTerminal\ZeroTerminal.v'.
Linking 'C:\Program Files (x86)\Cypress\PSoC Creator\4.4\PSoC Creator\warp\lib\common\stdlogic\cy_psoc3pkg.vif'.
Linking 'C:\Program Files (x86)\Cypress\PSoC Creator\4.4\PSoC Creator\warp\lib\common\stdlogic\cy_psoc3.vif'.
Linking 'C:\Program Files (x86)\Cypress\PSoC Creator\4.4\PSoC Creator\warp\lib\lcpsoc3\stdlogic\mod_cnst.vif'.

tovif:  No errors.


======================================================================
Compiling:  Design01.v
Program  :   topld
Options  :    -yv2 -q10 -ygs -o2 -v3 -.fftcfgtype=LE -ya -.fftprj=C:\Users\diego.gomez\Documents\Diego\Programables\Programables\Workspace01\Design01.cydsn\Design01.cyprj -dcpsoc3 -verilog Design01.v
======================================================================

topld V6.3 IR 41:  Synthesis and optimization
Wed Mar 03 10:47:42 2021

Linking 'C:\Program Files (x86)\Cypress\PSoC Creator\4.4\PSoC Creator\warp\lib\common\std.vhd'.
Linking 'C:\Program Files (x86)\Cypress\PSoC Creator\4.4\PSoC Creator\warp\lib\common\cypress.vhd'.
Linking 'C:\Program Files (x86)\Cypress\PSoC Creator\4.4\PSoC Creator\warp\lib\common\work\cypress.vif'.
Linking 'C:\Program Files (x86)\Cypress\PSoC Creator\4.4\PSoC Creator\warp\lib\ieee\work\stdlogic.vif'.
Linking 'C:\Program Files (x86)\Cypress\PSoC Creator\4.4\PSoC Creator\warp\lib\common\stdlogic\lpmpkg.vif'.
Linking 'C:\Program Files (x86)\Cypress\PSoC Creator\4.4\PSoC Creator\warp\lib\common\stdlogic\rtlpkg.vif'.
Linking 'C:\Program Files (x86)\Cypress\PSoC Creator\4.4\PSoC Creator\warp\lib\common\stdlogic\mod_cnst.vif'.
Linking 'C:\Program Files (x86)\Cypress\PSoC Creator\4.4\PSoC Creator\warp\lib\common\stdlogic\mod_mthv.vif'.
Linking 'C:\Program Files (x86)\Cypress\PSoC Creator\4.4\PSoC Creator\warp\lib\common\stdlogic\mod_genv.vif'.
Linking 'C:\Users\diego.gomez\Documents\Diego\Programables\Programables\Workspace01\Design01.cydsn\codegentemp\Design01.ctl'.
Linking 'C:\Program Files (x86)\Cypress\PSoC Creator\4.4\PSoC Creator\psoc\content\CyComponentLibrary\CyComponentLibrary.cylib\B_PWM_v3_30\B_PWM_v3_30.v'.
Linking 'C:\Program Files (x86)\Cypress\PSoC Creator\4.4\PSoC Creator\warp\lib\common\cypress.v'.
Linking 'C:\Program Files (x86)\Cypress\PSoC Creator\4.4\PSoC Creator\warp\lib\common\cy_psoc3_inc.v'.
Linking 'C:\Users\diego.gomez\Documents\Diego\Programables\Programables\Workspace01\Design01.cydsn\codegentemp\Design01.v'.
Linking 'C:\Program Files (x86)\Cypress\PSoC Creator\4.4\PSoC Creator\psoc\content\CyPrimitives\cyprimitives.cylib\cy_virtualmux_v1_0\cy_virtualmux_v1_0.v'.
Linking 'C:\Program Files (x86)\Cypress\PSoC Creator\4.4\PSoC Creator\psoc\content\CyPrimitives\cyprimitives.cylib\OneTerminal\OneTerminal.v'.
Linking 'C:\Program Files (x86)\Cypress\PSoC Creator\4.4\PSoC Creator\psoc\content\CyPrimitives\cyprimitives.cylib\ZeroTerminal\ZeroTerminal.v'.
Linking 'C:\Program Files (x86)\Cypress\PSoC Creator\4.4\PSoC Creator\warp\lib\common\stdlogic\cy_psoc3pkg.vif'.
Linking 'C:\Program Files (x86)\Cypress\PSoC Creator\4.4\PSoC Creator\warp\lib\common\stdlogic\cy_psoc3.vif'.
Linking 'C:\Program Files (x86)\Cypress\PSoC Creator\4.4\PSoC Creator\warp\lib\lcpsoc3\stdlogic\mod_cnst.vif'.
Linking 'C:\Program Files (x86)\Cypress\PSoC Creator\4.4\PSoC Creator\warp\lib\lcpsoc3\stdlogic\cpsoc3.vif'.

----------------------------------------------------------
Detecting unused logic.
----------------------------------------------------------
    User names
	\PWM:PWMUDB:km_run\
	\PWM:PWMUDB:ctrl_cmpmode2_2\
	\PWM:PWMUDB:ctrl_cmpmode2_1\
	\PWM:PWMUDB:ctrl_cmpmode2_0\
	\PWM:PWMUDB:ctrl_cmpmode1_2\
	\PWM:PWMUDB:ctrl_cmpmode1_1\
	\PWM:PWMUDB:ctrl_cmpmode1_0\
	\PWM:PWMUDB:capt_rising\
	\PWM:PWMUDB:capt_falling\
	\PWM:PWMUDB:trig_rise\
	\PWM:PWMUDB:trig_fall\
	\PWM:PWMUDB:sc_kill\
	\PWM:PWMUDB:min_kill\
	\PWM:PWMUDB:km_tc\
	\PWM:PWMUDB:db_tc\
	\PWM:PWMUDB:dith_sel\
	\PWM:Net_101\
	\PWM:Net_96\
	\PWM:PWMUDB:MODULE_1:b_31\
	\PWM:PWMUDB:MODULE_1:b_30\
	\PWM:PWMUDB:MODULE_1:b_29\
	\PWM:PWMUDB:MODULE_1:b_28\
	\PWM:PWMUDB:MODULE_1:b_27\
	\PWM:PWMUDB:MODULE_1:b_26\
	\PWM:PWMUDB:MODULE_1:b_25\
	\PWM:PWMUDB:MODULE_1:b_24\
	\PWM:PWMUDB:MODULE_1:b_23\
	\PWM:PWMUDB:MODULE_1:b_22\
	\PWM:PWMUDB:MODULE_1:b_21\
	\PWM:PWMUDB:MODULE_1:b_20\
	\PWM:PWMUDB:MODULE_1:b_19\
	\PWM:PWMUDB:MODULE_1:b_18\
	\PWM:PWMUDB:MODULE_1:b_17\
	\PWM:PWMUDB:MODULE_1:b_16\
	\PWM:PWMUDB:MODULE_1:b_15\
	\PWM:PWMUDB:MODULE_1:b_14\
	\PWM:PWMUDB:MODULE_1:b_13\
	\PWM:PWMUDB:MODULE_1:b_12\
	\PWM:PWMUDB:MODULE_1:b_11\
	\PWM:PWMUDB:MODULE_1:b_10\
	\PWM:PWMUDB:MODULE_1:b_9\
	\PWM:PWMUDB:MODULE_1:b_8\
	\PWM:PWMUDB:MODULE_1:b_7\
	\PWM:PWMUDB:MODULE_1:b_6\
	\PWM:PWMUDB:MODULE_1:b_5\
	\PWM:PWMUDB:MODULE_1:b_4\
	\PWM:PWMUDB:MODULE_1:b_3\
	\PWM:PWMUDB:MODULE_1:b_2\
	\PWM:PWMUDB:MODULE_1:b_1\
	\PWM:PWMUDB:MODULE_1:b_0\
	\PWM:PWMUDB:MODULE_1:g2:a0:a_31\
	\PWM:PWMUDB:MODULE_1:g2:a0:a_30\
	\PWM:PWMUDB:MODULE_1:g2:a0:a_29\
	\PWM:PWMUDB:MODULE_1:g2:a0:a_28\
	\PWM:PWMUDB:MODULE_1:g2:a0:a_27\
	\PWM:PWMUDB:MODULE_1:g2:a0:a_26\
	\PWM:PWMUDB:MODULE_1:g2:a0:a_25\
	\PWM:PWMUDB:MODULE_1:g2:a0:a_24\
	\PWM:PWMUDB:MODULE_1:g2:a0:b_31\
	\PWM:PWMUDB:MODULE_1:g2:a0:b_30\
	\PWM:PWMUDB:MODULE_1:g2:a0:b_29\
	\PWM:PWMUDB:MODULE_1:g2:a0:b_28\
	\PWM:PWMUDB:MODULE_1:g2:a0:b_27\
	\PWM:PWMUDB:MODULE_1:g2:a0:b_26\
	\PWM:PWMUDB:MODULE_1:g2:a0:b_25\
	\PWM:PWMUDB:MODULE_1:g2:a0:b_24\
	\PWM:PWMUDB:MODULE_1:g2:a0:b_23\
	\PWM:PWMUDB:MODULE_1:g2:a0:b_22\
	\PWM:PWMUDB:MODULE_1:g2:a0:b_21\
	\PWM:PWMUDB:MODULE_1:g2:a0:b_20\
	\PWM:PWMUDB:MODULE_1:g2:a0:b_19\
	\PWM:PWMUDB:MODULE_1:g2:a0:b_18\
	\PWM:PWMUDB:MODULE_1:g2:a0:b_17\
	\PWM:PWMUDB:MODULE_1:g2:a0:b_16\
	\PWM:PWMUDB:MODULE_1:g2:a0:b_15\
	\PWM:PWMUDB:MODULE_1:g2:a0:b_14\
	\PWM:PWMUDB:MODULE_1:g2:a0:b_13\
	\PWM:PWMUDB:MODULE_1:g2:a0:b_12\
	\PWM:PWMUDB:MODULE_1:g2:a0:b_11\
	\PWM:PWMUDB:MODULE_1:g2:a0:b_10\
	\PWM:PWMUDB:MODULE_1:g2:a0:b_9\
	\PWM:PWMUDB:MODULE_1:g2:a0:b_8\
	\PWM:PWMUDB:MODULE_1:g2:a0:b_7\
	\PWM:PWMUDB:MODULE_1:g2:a0:b_6\
	\PWM:PWMUDB:MODULE_1:g2:a0:b_5\
	\PWM:PWMUDB:MODULE_1:g2:a0:b_4\
	\PWM:PWMUDB:MODULE_1:g2:a0:b_3\
	\PWM:PWMUDB:MODULE_1:g2:a0:b_2\
	\PWM:PWMUDB:MODULE_1:g2:a0:b_1\
	\PWM:PWMUDB:MODULE_1:g2:a0:b_0\
	\PWM:PWMUDB:MODULE_1:g2:a0:s_31\
	\PWM:PWMUDB:MODULE_1:g2:a0:s_30\
	\PWM:PWMUDB:MODULE_1:g2:a0:s_29\
	\PWM:PWMUDB:MODULE_1:g2:a0:s_28\
	\PWM:PWMUDB:MODULE_1:g2:a0:s_27\
	\PWM:PWMUDB:MODULE_1:g2:a0:s_26\
	\PWM:PWMUDB:MODULE_1:g2:a0:s_25\
	\PWM:PWMUDB:MODULE_1:g2:a0:s_24\
	\PWM:PWMUDB:MODULE_1:g2:a0:s_23\
	\PWM:PWMUDB:MODULE_1:g2:a0:s_22\
	\PWM:PWMUDB:MODULE_1:g2:a0:s_21\
	\PWM:PWMUDB:MODULE_1:g2:a0:s_20\
	\PWM:PWMUDB:MODULE_1:g2:a0:s_19\
	\PWM:PWMUDB:MODULE_1:g2:a0:s_18\
	\PWM:PWMUDB:MODULE_1:g2:a0:s_17\
	\PWM:PWMUDB:MODULE_1:g2:a0:s_16\
	\PWM:PWMUDB:MODULE_1:g2:a0:s_15\
	\PWM:PWMUDB:MODULE_1:g2:a0:s_14\
	\PWM:PWMUDB:MODULE_1:g2:a0:s_13\
	\PWM:PWMUDB:MODULE_1:g2:a0:s_12\
	\PWM:PWMUDB:MODULE_1:g2:a0:s_11\
	\PWM:PWMUDB:MODULE_1:g2:a0:s_10\
	\PWM:PWMUDB:MODULE_1:g2:a0:s_9\
	\PWM:PWMUDB:MODULE_1:g2:a0:s_8\
	\PWM:PWMUDB:MODULE_1:g2:a0:s_7\
	\PWM:PWMUDB:MODULE_1:g2:a0:s_6\
	\PWM:PWMUDB:MODULE_1:g2:a0:s_5\
	\PWM:PWMUDB:MODULE_1:g2:a0:s_4\
	\PWM:PWMUDB:MODULE_1:g2:a0:s_3\
	\PWM:PWMUDB:MODULE_1:g2:a0:s_2\
	\PWM:PWMUDB:MODULE_1:g2:a0:g1:z1:s0:g1:u0:c_31\
	\PWM:PWMUDB:MODULE_1:g2:a0:g1:z1:s0:g1:u0:c_30\
	\PWM:PWMUDB:MODULE_1:g2:a0:g1:z1:s0:g1:u0:c_29\
	\PWM:PWMUDB:MODULE_1:g2:a0:g1:z1:s0:g1:u0:c_28\
	\PWM:PWMUDB:MODULE_1:g2:a0:g1:z1:s0:g1:u0:c_27\
	\PWM:PWMUDB:MODULE_1:g2:a0:g1:z1:s0:g1:u0:c_26\
	\PWM:PWMUDB:MODULE_1:g2:a0:g1:z1:s0:g1:u0:c_25\
	Net_459
	Net_423
	Net_430
	\PWM:Net_113\
	\PWM:Net_107\
	\PWM:Net_114\
	\PWM_2:PWMUDB:km_run\
	\PWM_2:PWMUDB:ctrl_cmpmode2_2\
	\PWM_2:PWMUDB:ctrl_cmpmode2_1\
	\PWM_2:PWMUDB:ctrl_cmpmode2_0\
	\PWM_2:PWMUDB:ctrl_cmpmode1_2\
	\PWM_2:PWMUDB:ctrl_cmpmode1_1\
	\PWM_2:PWMUDB:ctrl_cmpmode1_0\
	\PWM_2:PWMUDB:capt_rising\
	\PWM_2:PWMUDB:capt_falling\
	\PWM_2:PWMUDB:trig_rise\
	\PWM_2:PWMUDB:trig_fall\
	\PWM_2:PWMUDB:sc_kill\
	\PWM_2:PWMUDB:min_kill\
	\PWM_2:PWMUDB:km_tc\
	\PWM_2:PWMUDB:db_tc\
	\PWM_2:PWMUDB:dith_sel\
	\PWM_2:Net_101\
	\PWM_2:Net_96\
	\PWM_2:PWMUDB:MODULE_2:b_31\
	\PWM_2:PWMUDB:MODULE_2:b_30\
	\PWM_2:PWMUDB:MODULE_2:b_29\
	\PWM_2:PWMUDB:MODULE_2:b_28\
	\PWM_2:PWMUDB:MODULE_2:b_27\
	\PWM_2:PWMUDB:MODULE_2:b_26\
	\PWM_2:PWMUDB:MODULE_2:b_25\
	\PWM_2:PWMUDB:MODULE_2:b_24\
	\PWM_2:PWMUDB:MODULE_2:b_23\
	\PWM_2:PWMUDB:MODULE_2:b_22\
	\PWM_2:PWMUDB:MODULE_2:b_21\
	\PWM_2:PWMUDB:MODULE_2:b_20\
	\PWM_2:PWMUDB:MODULE_2:b_19\
	\PWM_2:PWMUDB:MODULE_2:b_18\
	\PWM_2:PWMUDB:MODULE_2:b_17\
	\PWM_2:PWMUDB:MODULE_2:b_16\
	\PWM_2:PWMUDB:MODULE_2:b_15\
	\PWM_2:PWMUDB:MODULE_2:b_14\
	\PWM_2:PWMUDB:MODULE_2:b_13\
	\PWM_2:PWMUDB:MODULE_2:b_12\
	\PWM_2:PWMUDB:MODULE_2:b_11\
	\PWM_2:PWMUDB:MODULE_2:b_10\
	\PWM_2:PWMUDB:MODULE_2:b_9\
	\PWM_2:PWMUDB:MODULE_2:b_8\
	\PWM_2:PWMUDB:MODULE_2:b_7\
	\PWM_2:PWMUDB:MODULE_2:b_6\
	\PWM_2:PWMUDB:MODULE_2:b_5\
	\PWM_2:PWMUDB:MODULE_2:b_4\
	\PWM_2:PWMUDB:MODULE_2:b_3\
	\PWM_2:PWMUDB:MODULE_2:b_2\
	\PWM_2:PWMUDB:MODULE_2:b_1\
	\PWM_2:PWMUDB:MODULE_2:b_0\
	\PWM_2:PWMUDB:MODULE_2:g2:a0:a_31\
	\PWM_2:PWMUDB:MODULE_2:g2:a0:a_30\
	\PWM_2:PWMUDB:MODULE_2:g2:a0:a_29\
	\PWM_2:PWMUDB:MODULE_2:g2:a0:a_28\
	\PWM_2:PWMUDB:MODULE_2:g2:a0:a_27\
	\PWM_2:PWMUDB:MODULE_2:g2:a0:a_26\
	\PWM_2:PWMUDB:MODULE_2:g2:a0:a_25\
	\PWM_2:PWMUDB:MODULE_2:g2:a0:a_24\
	\PWM_2:PWMUDB:MODULE_2:g2:a0:b_31\
	\PWM_2:PWMUDB:MODULE_2:g2:a0:b_30\
	\PWM_2:PWMUDB:MODULE_2:g2:a0:b_29\
	\PWM_2:PWMUDB:MODULE_2:g2:a0:b_28\
	\PWM_2:PWMUDB:MODULE_2:g2:a0:b_27\
	\PWM_2:PWMUDB:MODULE_2:g2:a0:b_26\
	\PWM_2:PWMUDB:MODULE_2:g2:a0:b_25\
	\PWM_2:PWMUDB:MODULE_2:g2:a0:b_24\
	\PWM_2:PWMUDB:MODULE_2:g2:a0:b_23\
	\PWM_2:PWMUDB:MODULE_2:g2:a0:b_22\
	\PWM_2:PWMUDB:MODULE_2:g2:a0:b_21\
	\PWM_2:PWMUDB:MODULE_2:g2:a0:b_20\
	\PWM_2:PWMUDB:MODULE_2:g2:a0:b_19\
	\PWM_2:PWMUDB:MODULE_2:g2:a0:b_18\
	\PWM_2:PWMUDB:MODULE_2:g2:a0:b_17\
	\PWM_2:PWMUDB:MODULE_2:g2:a0:b_16\
	\PWM_2:PWMUDB:MODULE_2:g2:a0:b_15\
	\PWM_2:PWMUDB:MODULE_2:g2:a0:b_14\
	\PWM_2:PWMUDB:MODULE_2:g2:a0:b_13\
	\PWM_2:PWMUDB:MODULE_2:g2:a0:b_12\
	\PWM_2:PWMUDB:MODULE_2:g2:a0:b_11\
	\PWM_2:PWMUDB:MODULE_2:g2:a0:b_10\
	\PWM_2:PWMUDB:MODULE_2:g2:a0:b_9\
	\PWM_2:PWMUDB:MODULE_2:g2:a0:b_8\
	\PWM_2:PWMUDB:MODULE_2:g2:a0:b_7\
	\PWM_2:PWMUDB:MODULE_2:g2:a0:b_6\
	\PWM_2:PWMUDB:MODULE_2:g2:a0:b_5\
	\PWM_2:PWMUDB:MODULE_2:g2:a0:b_4\
	\PWM_2:PWMUDB:MODULE_2:g2:a0:b_3\
	\PWM_2:PWMUDB:MODULE_2:g2:a0:b_2\
	\PWM_2:PWMUDB:MODULE_2:g2:a0:b_1\
	\PWM_2:PWMUDB:MODULE_2:g2:a0:b_0\
	\PWM_2:PWMUDB:MODULE_2:g2:a0:s_31\
	\PWM_2:PWMUDB:MODULE_2:g2:a0:s_30\
	\PWM_2:PWMUDB:MODULE_2:g2:a0:s_29\
	\PWM_2:PWMUDB:MODULE_2:g2:a0:s_28\
	\PWM_2:PWMUDB:MODULE_2:g2:a0:s_27\
	\PWM_2:PWMUDB:MODULE_2:g2:a0:s_26\
	\PWM_2:PWMUDB:MODULE_2:g2:a0:s_25\
	\PWM_2:PWMUDB:MODULE_2:g2:a0:s_24\
	\PWM_2:PWMUDB:MODULE_2:g2:a0:s_23\
	\PWM_2:PWMUDB:MODULE_2:g2:a0:s_22\
	\PWM_2:PWMUDB:MODULE_2:g2:a0:s_21\
	\PWM_2:PWMUDB:MODULE_2:g2:a0:s_20\
	\PWM_2:PWMUDB:MODULE_2:g2:a0:s_19\
	\PWM_2:PWMUDB:MODULE_2:g2:a0:s_18\
	\PWM_2:PWMUDB:MODULE_2:g2:a0:s_17\
	\PWM_2:PWMUDB:MODULE_2:g2:a0:s_16\
	\PWM_2:PWMUDB:MODULE_2:g2:a0:s_15\
	\PWM_2:PWMUDB:MODULE_2:g2:a0:s_14\
	\PWM_2:PWMUDB:MODULE_2:g2:a0:s_13\
	\PWM_2:PWMUDB:MODULE_2:g2:a0:s_12\
	\PWM_2:PWMUDB:MODULE_2:g2:a0:s_11\
	\PWM_2:PWMUDB:MODULE_2:g2:a0:s_10\
	\PWM_2:PWMUDB:MODULE_2:g2:a0:s_9\
	\PWM_2:PWMUDB:MODULE_2:g2:a0:s_8\
	\PWM_2:PWMUDB:MODULE_2:g2:a0:s_7\
	\PWM_2:PWMUDB:MODULE_2:g2:a0:s_6\
	\PWM_2:PWMUDB:MODULE_2:g2:a0:s_5\
	\PWM_2:PWMUDB:MODULE_2:g2:a0:s_4\
	\PWM_2:PWMUDB:MODULE_2:g2:a0:s_3\
	\PWM_2:PWMUDB:MODULE_2:g2:a0:s_2\
	\PWM_2:PWMUDB:MODULE_2:g2:a0:g1:z1:s0:g1:u0:c_31\
	\PWM_2:PWMUDB:MODULE_2:g2:a0:g1:z1:s0:g1:u0:c_30\
	\PWM_2:PWMUDB:MODULE_2:g2:a0:g1:z1:s0:g1:u0:c_29\
	\PWM_2:PWMUDB:MODULE_2:g2:a0:g1:z1:s0:g1:u0:c_28\
	\PWM_2:PWMUDB:MODULE_2:g2:a0:g1:z1:s0:g1:u0:c_27\
	\PWM_2:PWMUDB:MODULE_2:g2:a0:g1:z1:s0:g1:u0:c_26\
	\PWM_2:PWMUDB:MODULE_2:g2:a0:g1:z1:s0:g1:u0:c_25\
	Net_610
	Net_606
	Net_614
	\PWM_2:Net_113\
	\PWM_2:Net_107\
	\PWM_2:Net_114\

    Synthesized names
	\PWM:PWMUDB:add_vi_vv_MODGEN_1_31\
	\PWM:PWMUDB:add_vi_vv_MODGEN_1_30\
	\PWM:PWMUDB:add_vi_vv_MODGEN_1_29\
	\PWM:PWMUDB:add_vi_vv_MODGEN_1_28\
	\PWM:PWMUDB:add_vi_vv_MODGEN_1_27\
	\PWM:PWMUDB:add_vi_vv_MODGEN_1_26\
	\PWM:PWMUDB:add_vi_vv_MODGEN_1_25\
	\PWM:PWMUDB:add_vi_vv_MODGEN_1_24\
	\PWM:PWMUDB:add_vi_vv_MODGEN_1_23\
	\PWM:PWMUDB:add_vi_vv_MODGEN_1_22\
	\PWM:PWMUDB:add_vi_vv_MODGEN_1_21\
	\PWM:PWMUDB:add_vi_vv_MODGEN_1_20\
	\PWM:PWMUDB:add_vi_vv_MODGEN_1_19\
	\PWM:PWMUDB:add_vi_vv_MODGEN_1_18\
	\PWM:PWMUDB:add_vi_vv_MODGEN_1_17\
	\PWM:PWMUDB:add_vi_vv_MODGEN_1_16\
	\PWM:PWMUDB:add_vi_vv_MODGEN_1_15\
	\PWM:PWMUDB:add_vi_vv_MODGEN_1_14\
	\PWM:PWMUDB:add_vi_vv_MODGEN_1_13\
	\PWM:PWMUDB:add_vi_vv_MODGEN_1_12\
	\PWM:PWMUDB:add_vi_vv_MODGEN_1_11\
	\PWM:PWMUDB:add_vi_vv_MODGEN_1_10\
	\PWM:PWMUDB:add_vi_vv_MODGEN_1_9\
	\PWM:PWMUDB:add_vi_vv_MODGEN_1_8\
	\PWM:PWMUDB:add_vi_vv_MODGEN_1_7\
	\PWM:PWMUDB:add_vi_vv_MODGEN_1_6\
	\PWM:PWMUDB:add_vi_vv_MODGEN_1_5\
	\PWM:PWMUDB:add_vi_vv_MODGEN_1_4\
	\PWM:PWMUDB:add_vi_vv_MODGEN_1_3\
	\PWM:PWMUDB:add_vi_vv_MODGEN_1_2\
	\PWM_2:PWMUDB:add_vi_vv_MODGEN_2_31\
	\PWM_2:PWMUDB:add_vi_vv_MODGEN_2_30\
	\PWM_2:PWMUDB:add_vi_vv_MODGEN_2_29\
	\PWM_2:PWMUDB:add_vi_vv_MODGEN_2_28\
	\PWM_2:PWMUDB:add_vi_vv_MODGEN_2_27\
	\PWM_2:PWMUDB:add_vi_vv_MODGEN_2_26\
	\PWM_2:PWMUDB:add_vi_vv_MODGEN_2_25\
	\PWM_2:PWMUDB:add_vi_vv_MODGEN_2_24\
	\PWM_2:PWMUDB:add_vi_vv_MODGEN_2_23\
	\PWM_2:PWMUDB:add_vi_vv_MODGEN_2_22\
	\PWM_2:PWMUDB:add_vi_vv_MODGEN_2_21\
	\PWM_2:PWMUDB:add_vi_vv_MODGEN_2_20\
	\PWM_2:PWMUDB:add_vi_vv_MODGEN_2_19\
	\PWM_2:PWMUDB:add_vi_vv_MODGEN_2_18\
	\PWM_2:PWMUDB:add_vi_vv_MODGEN_2_17\
	\PWM_2:PWMUDB:add_vi_vv_MODGEN_2_16\
	\PWM_2:PWMUDB:add_vi_vv_MODGEN_2_15\
	\PWM_2:PWMUDB:add_vi_vv_MODGEN_2_14\
	\PWM_2:PWMUDB:add_vi_vv_MODGEN_2_13\
	\PWM_2:PWMUDB:add_vi_vv_MODGEN_2_12\
	\PWM_2:PWMUDB:add_vi_vv_MODGEN_2_11\
	\PWM_2:PWMUDB:add_vi_vv_MODGEN_2_10\
	\PWM_2:PWMUDB:add_vi_vv_MODGEN_2_9\
	\PWM_2:PWMUDB:add_vi_vv_MODGEN_2_8\
	\PWM_2:PWMUDB:add_vi_vv_MODGEN_2_7\
	\PWM_2:PWMUDB:add_vi_vv_MODGEN_2_6\
	\PWM_2:PWMUDB:add_vi_vv_MODGEN_2_5\
	\PWM_2:PWMUDB:add_vi_vv_MODGEN_2_4\
	\PWM_2:PWMUDB:add_vi_vv_MODGEN_2_3\
	\PWM_2:PWMUDB:add_vi_vv_MODGEN_2_2\

Deleted 266 User equations/components.
Deleted 60 Synthesized equations/components.

------------------------------------------------------
Alias Detection
------------------------------------------------------
Aliasing one to tmpOE__MOTOR_1_left_net_0
Aliasing \PWM:PWMUDB:hwCapture\ to zero
Aliasing \PWM:PWMUDB:trig_out\ to tmpOE__MOTOR_1_left_net_0
Aliasing \PWM:PWMUDB:runmode_enable\\S\ to zero
Aliasing \PWM:PWMUDB:ltch_kill_reg\\R\ to \PWM:PWMUDB:runmode_enable\\R\
Aliasing \PWM:PWMUDB:ltch_kill_reg\\S\ to zero
Aliasing \PWM:PWMUDB:min_kill_reg\\R\ to \PWM:PWMUDB:runmode_enable\\R\
Aliasing \PWM:PWMUDB:min_kill_reg\\S\ to zero
Aliasing \PWM:PWMUDB:final_kill\ to tmpOE__MOTOR_1_left_net_0
Aliasing \PWM:PWMUDB:dith_count_1\\R\ to \PWM:PWMUDB:runmode_enable\\R\
Aliasing \PWM:PWMUDB:dith_count_1\\S\ to zero
Aliasing \PWM:PWMUDB:dith_count_0\\R\ to \PWM:PWMUDB:runmode_enable\\R\
Aliasing \PWM:PWMUDB:dith_count_0\\S\ to zero
Aliasing \PWM:PWMUDB:cs_addr_0\ to \PWM:PWMUDB:runmode_enable\\R\
Aliasing \PWM:PWMUDB:pwm_temp\ to zero
Aliasing \PWM:PWMUDB:MODULE_1:g2:a0:a_23\ to zero
Aliasing \PWM:PWMUDB:MODULE_1:g2:a0:a_22\ to zero
Aliasing \PWM:PWMUDB:MODULE_1:g2:a0:a_21\ to zero
Aliasing \PWM:PWMUDB:MODULE_1:g2:a0:a_20\ to zero
Aliasing \PWM:PWMUDB:MODULE_1:g2:a0:a_19\ to zero
Aliasing \PWM:PWMUDB:MODULE_1:g2:a0:a_18\ to zero
Aliasing \PWM:PWMUDB:MODULE_1:g2:a0:a_17\ to zero
Aliasing \PWM:PWMUDB:MODULE_1:g2:a0:a_16\ to zero
Aliasing \PWM:PWMUDB:MODULE_1:g2:a0:a_15\ to zero
Aliasing \PWM:PWMUDB:MODULE_1:g2:a0:a_14\ to zero
Aliasing \PWM:PWMUDB:MODULE_1:g2:a0:a_13\ to zero
Aliasing \PWM:PWMUDB:MODULE_1:g2:a0:a_12\ to zero
Aliasing \PWM:PWMUDB:MODULE_1:g2:a0:a_11\ to zero
Aliasing \PWM:PWMUDB:MODULE_1:g2:a0:a_10\ to zero
Aliasing \PWM:PWMUDB:MODULE_1:g2:a0:a_9\ to zero
Aliasing \PWM:PWMUDB:MODULE_1:g2:a0:a_8\ to zero
Aliasing \PWM:PWMUDB:MODULE_1:g2:a0:a_7\ to zero
Aliasing \PWM:PWMUDB:MODULE_1:g2:a0:a_6\ to zero
Aliasing \PWM:PWMUDB:MODULE_1:g2:a0:a_5\ to zero
Aliasing \PWM:PWMUDB:MODULE_1:g2:a0:a_4\ to zero
Aliasing \PWM:PWMUDB:MODULE_1:g2:a0:a_3\ to zero
Aliasing \PWM:PWMUDB:MODULE_1:g2:a0:a_2\ to zero
Aliasing \PWM:PWMUDB:MODULE_1:g2:a0:g1:z1:s0:g1:u0:b_0\ to tmpOE__MOTOR_1_left_net_0
Aliasing tmpOE__LED_net_0 to tmpOE__MOTOR_1_left_net_0
Aliasing tmpOE__MOTOR_1_right_net_0 to tmpOE__MOTOR_1_left_net_0
Aliasing \PWM_2:PWMUDB:hwCapture\ to zero
Aliasing \PWM_2:PWMUDB:trig_out\ to tmpOE__MOTOR_1_left_net_0
Aliasing \PWM_2:PWMUDB:runmode_enable\\R\ to \PWM:PWMUDB:runmode_enable\\R\
Aliasing \PWM_2:PWMUDB:runmode_enable\\S\ to zero
Aliasing \PWM_2:PWMUDB:ltch_kill_reg\\R\ to \PWM:PWMUDB:runmode_enable\\R\
Aliasing \PWM_2:PWMUDB:ltch_kill_reg\\S\ to zero
Aliasing \PWM_2:PWMUDB:min_kill_reg\\R\ to \PWM:PWMUDB:runmode_enable\\R\
Aliasing \PWM_2:PWMUDB:min_kill_reg\\S\ to zero
Aliasing \PWM_2:PWMUDB:final_kill\ to tmpOE__MOTOR_1_left_net_0
Aliasing \PWM_2:PWMUDB:dith_count_1\\R\ to \PWM:PWMUDB:runmode_enable\\R\
Aliasing \PWM_2:PWMUDB:dith_count_1\\S\ to zero
Aliasing \PWM_2:PWMUDB:dith_count_0\\R\ to \PWM:PWMUDB:runmode_enable\\R\
Aliasing \PWM_2:PWMUDB:dith_count_0\\S\ to zero
Aliasing \PWM_2:PWMUDB:cs_addr_0\ to \PWM:PWMUDB:runmode_enable\\R\
Aliasing \PWM_2:PWMUDB:pwm_temp\ to zero
Aliasing \PWM_2:PWMUDB:MODULE_2:g2:a0:a_23\ to zero
Aliasing \PWM_2:PWMUDB:MODULE_2:g2:a0:a_22\ to zero
Aliasing \PWM_2:PWMUDB:MODULE_2:g2:a0:a_21\ to zero
Aliasing \PWM_2:PWMUDB:MODULE_2:g2:a0:a_20\ to zero
Aliasing \PWM_2:PWMUDB:MODULE_2:g2:a0:a_19\ to zero
Aliasing \PWM_2:PWMUDB:MODULE_2:g2:a0:a_18\ to zero
Aliasing \PWM_2:PWMUDB:MODULE_2:g2:a0:a_17\ to zero
Aliasing \PWM_2:PWMUDB:MODULE_2:g2:a0:a_16\ to zero
Aliasing \PWM_2:PWMUDB:MODULE_2:g2:a0:a_15\ to zero
Aliasing \PWM_2:PWMUDB:MODULE_2:g2:a0:a_14\ to zero
Aliasing \PWM_2:PWMUDB:MODULE_2:g2:a0:a_13\ to zero
Aliasing \PWM_2:PWMUDB:MODULE_2:g2:a0:a_12\ to zero
Aliasing \PWM_2:PWMUDB:MODULE_2:g2:a0:a_11\ to zero
Aliasing \PWM_2:PWMUDB:MODULE_2:g2:a0:a_10\ to zero
Aliasing \PWM_2:PWMUDB:MODULE_2:g2:a0:a_9\ to zero
Aliasing \PWM_2:PWMUDB:MODULE_2:g2:a0:a_8\ to zero
Aliasing \PWM_2:PWMUDB:MODULE_2:g2:a0:a_7\ to zero
Aliasing \PWM_2:PWMUDB:MODULE_2:g2:a0:a_6\ to zero
Aliasing \PWM_2:PWMUDB:MODULE_2:g2:a0:a_5\ to zero
Aliasing \PWM_2:PWMUDB:MODULE_2:g2:a0:a_4\ to zero
Aliasing \PWM_2:PWMUDB:MODULE_2:g2:a0:a_3\ to zero
Aliasing \PWM_2:PWMUDB:MODULE_2:g2:a0:a_2\ to zero
Aliasing \PWM_2:PWMUDB:MODULE_2:g2:a0:g1:z1:s0:g1:u0:b_0\ to tmpOE__MOTOR_1_left_net_0
Aliasing tmpOE__MOTOR_2_right_1_net_0 to tmpOE__MOTOR_1_left_net_0
Aliasing tmpOE__MOTOR_2_left_1_net_0 to tmpOE__MOTOR_1_left_net_0
Aliasing tmpOE__ResetPin_net_0 to tmpOE__MOTOR_1_left_net_0
Aliasing tmpOE__ResetPWM_net_0 to tmpOE__MOTOR_1_left_net_0
Aliasing \PWM:PWMUDB:min_kill_reg\\D\ to tmpOE__MOTOR_1_left_net_0
Aliasing \PWM:PWMUDB:prevCapture\\D\ to zero
Aliasing \PWM:PWMUDB:trig_last\\D\ to zero
Aliasing \PWM:PWMUDB:ltch_kill_reg\\D\ to tmpOE__MOTOR_1_left_net_0
Aliasing \PWM_2:PWMUDB:min_kill_reg\\D\ to tmpOE__MOTOR_1_left_net_0
Aliasing \PWM_2:PWMUDB:prevCapture\\D\ to zero
Aliasing \PWM_2:PWMUDB:trig_last\\D\ to zero
Aliasing \PWM_2:PWMUDB:ltch_kill_reg\\D\ to tmpOE__MOTOR_1_left_net_0
Removing Rhs of wire Net_446[2] = \PWM:PWMUDB:pwm1_i_reg\[105]
Removing Lhs of wire one[7] = tmpOE__MOTOR_1_left_net_0[1]
Removing Lhs of wire \PWM:PWMUDB:ctrl_enable\[23] = \PWM:PWMUDB:control_7\[15]
Removing Lhs of wire \PWM:PWMUDB:hwCapture\[33] = zero[6]
Removing Lhs of wire \PWM:PWMUDB:hwEnable\[34] = \PWM:PWMUDB:control_7\[15]
Removing Lhs of wire \PWM:PWMUDB:trig_out\[38] = tmpOE__MOTOR_1_left_net_0[1]
Removing Lhs of wire \PWM:PWMUDB:runmode_enable\\R\[40] = Net_303[41]
Removing Lhs of wire \PWM:PWMUDB:runmode_enable\\S\[42] = zero[6]
Removing Lhs of wire \PWM:PWMUDB:final_enable\[43] = \PWM:PWMUDB:runmode_enable\[39]
Removing Lhs of wire \PWM:PWMUDB:ltch_kill_reg\\R\[47] = Net_303[41]
Removing Lhs of wire \PWM:PWMUDB:ltch_kill_reg\\S\[48] = zero[6]
Removing Lhs of wire \PWM:PWMUDB:min_kill_reg\\R\[49] = Net_303[41]
Removing Lhs of wire \PWM:PWMUDB:min_kill_reg\\S\[50] = zero[6]
Removing Lhs of wire \PWM:PWMUDB:final_kill\[53] = tmpOE__MOTOR_1_left_net_0[1]
Removing Lhs of wire \PWM:PWMUDB:add_vi_vv_MODGEN_1_1\[57] = \PWM:PWMUDB:MODULE_1:g2:a0:s_1\[274]
Removing Lhs of wire \PWM:PWMUDB:add_vi_vv_MODGEN_1_0\[59] = \PWM:PWMUDB:MODULE_1:g2:a0:s_0\[275]
Removing Lhs of wire \PWM:PWMUDB:dith_count_1\\R\[60] = Net_303[41]
Removing Lhs of wire \PWM:PWMUDB:dith_count_1\\S\[61] = zero[6]
Removing Lhs of wire \PWM:PWMUDB:dith_count_0\\R\[62] = Net_303[41]
Removing Lhs of wire \PWM:PWMUDB:dith_count_0\\S\[63] = zero[6]
Removing Lhs of wire \PWM:PWMUDB:cs_addr_2\[65] = \PWM:PWMUDB:tc_i\[45]
Removing Lhs of wire \PWM:PWMUDB:cs_addr_1\[66] = \PWM:PWMUDB:runmode_enable\[39]
Removing Lhs of wire \PWM:PWMUDB:cs_addr_0\[67] = Net_303[41]
Removing Lhs of wire \PWM:PWMUDB:compare1\[101] = \PWM:PWMUDB:cmp1_less\[71]
Removing Lhs of wire \PWM:PWMUDB:compare2\[102] = \PWM:PWMUDB:cmp2_less\[74]
Removing Rhs of wire Net_464[112] = \PWM:PWMUDB:pwm2_i_reg\[107]
Removing Lhs of wire \PWM:PWMUDB:pwm_temp\[113] = zero[6]
Removing Lhs of wire \PWM:PWMUDB:MODULE_1:g2:a0:a_23\[156] = zero[6]
Removing Lhs of wire \PWM:PWMUDB:MODULE_1:g2:a0:a_22\[157] = zero[6]
Removing Lhs of wire \PWM:PWMUDB:MODULE_1:g2:a0:a_21\[158] = zero[6]
Removing Lhs of wire \PWM:PWMUDB:MODULE_1:g2:a0:a_20\[159] = zero[6]
Removing Lhs of wire \PWM:PWMUDB:MODULE_1:g2:a0:a_19\[160] = zero[6]
Removing Lhs of wire \PWM:PWMUDB:MODULE_1:g2:a0:a_18\[161] = zero[6]
Removing Lhs of wire \PWM:PWMUDB:MODULE_1:g2:a0:a_17\[162] = zero[6]
Removing Lhs of wire \PWM:PWMUDB:MODULE_1:g2:a0:a_16\[163] = zero[6]
Removing Lhs of wire \PWM:PWMUDB:MODULE_1:g2:a0:a_15\[164] = zero[6]
Removing Lhs of wire \PWM:PWMUDB:MODULE_1:g2:a0:a_14\[165] = zero[6]
Removing Lhs of wire \PWM:PWMUDB:MODULE_1:g2:a0:a_13\[166] = zero[6]
Removing Lhs of wire \PWM:PWMUDB:MODULE_1:g2:a0:a_12\[167] = zero[6]
Removing Lhs of wire \PWM:PWMUDB:MODULE_1:g2:a0:a_11\[168] = zero[6]
Removing Lhs of wire \PWM:PWMUDB:MODULE_1:g2:a0:a_10\[169] = zero[6]
Removing Lhs of wire \PWM:PWMUDB:MODULE_1:g2:a0:a_9\[170] = zero[6]
Removing Lhs of wire \PWM:PWMUDB:MODULE_1:g2:a0:a_8\[171] = zero[6]
Removing Lhs of wire \PWM:PWMUDB:MODULE_1:g2:a0:a_7\[172] = zero[6]
Removing Lhs of wire \PWM:PWMUDB:MODULE_1:g2:a0:a_6\[173] = zero[6]
Removing Lhs of wire \PWM:PWMUDB:MODULE_1:g2:a0:a_5\[174] = zero[6]
Removing Lhs of wire \PWM:PWMUDB:MODULE_1:g2:a0:a_4\[175] = zero[6]
Removing Lhs of wire \PWM:PWMUDB:MODULE_1:g2:a0:a_3\[176] = zero[6]
Removing Lhs of wire \PWM:PWMUDB:MODULE_1:g2:a0:a_2\[177] = zero[6]
Removing Lhs of wire \PWM:PWMUDB:MODULE_1:g2:a0:a_1\[178] = \PWM:PWMUDB:MODIN1_1\[179]
Removing Lhs of wire \PWM:PWMUDB:MODIN1_1\[179] = \PWM:PWMUDB:dith_count_1\[56]
Removing Lhs of wire \PWM:PWMUDB:MODULE_1:g2:a0:a_0\[180] = \PWM:PWMUDB:MODIN1_0\[181]
Removing Lhs of wire \PWM:PWMUDB:MODIN1_0\[181] = \PWM:PWMUDB:dith_count_0\[58]
Removing Lhs of wire \PWM:PWMUDB:MODULE_1:g2:a0:g1:z1:s0:g1:u0:c_0\[313] = tmpOE__MOTOR_1_left_net_0[1]
Removing Lhs of wire \PWM:PWMUDB:MODULE_1:g2:a0:g1:z1:s0:g1:u0:b_0\[314] = tmpOE__MOTOR_1_left_net_0[1]
Removing Lhs of wire tmpOE__LED_net_0[323] = tmpOE__MOTOR_1_left_net_0[1]
Removing Lhs of wire tmpOE__MOTOR_1_right_net_0[330] = tmpOE__MOTOR_1_left_net_0[1]
Removing Lhs of wire \PWM_2:PWMUDB:ctrl_enable\[348] = \PWM_2:PWMUDB:control_7\[340]
Removing Lhs of wire \PWM_2:PWMUDB:hwCapture\[358] = zero[6]
Removing Lhs of wire \PWM_2:PWMUDB:hwEnable\[359] = \PWM_2:PWMUDB:control_7\[340]
Removing Lhs of wire \PWM_2:PWMUDB:trig_out\[363] = tmpOE__MOTOR_1_left_net_0[1]
Removing Lhs of wire \PWM_2:PWMUDB:runmode_enable\\R\[365] = Net_303[41]
Removing Lhs of wire \PWM_2:PWMUDB:runmode_enable\\S\[366] = zero[6]
Removing Lhs of wire \PWM_2:PWMUDB:final_enable\[367] = \PWM_2:PWMUDB:runmode_enable\[364]
Removing Lhs of wire \PWM_2:PWMUDB:ltch_kill_reg\\R\[371] = Net_303[41]
Removing Lhs of wire \PWM_2:PWMUDB:ltch_kill_reg\\S\[372] = zero[6]
Removing Lhs of wire \PWM_2:PWMUDB:min_kill_reg\\R\[373] = Net_303[41]
Removing Lhs of wire \PWM_2:PWMUDB:min_kill_reg\\S\[374] = zero[6]
Removing Lhs of wire \PWM_2:PWMUDB:final_kill\[377] = tmpOE__MOTOR_1_left_net_0[1]
Removing Lhs of wire \PWM_2:PWMUDB:add_vi_vv_MODGEN_2_1\[381] = \PWM_2:PWMUDB:MODULE_2:g2:a0:s_1\[599]
Removing Lhs of wire \PWM_2:PWMUDB:add_vi_vv_MODGEN_2_0\[383] = \PWM_2:PWMUDB:MODULE_2:g2:a0:s_0\[600]
Removing Lhs of wire \PWM_2:PWMUDB:dith_count_1\\R\[384] = Net_303[41]
Removing Lhs of wire \PWM_2:PWMUDB:dith_count_1\\S\[385] = zero[6]
Removing Lhs of wire \PWM_2:PWMUDB:dith_count_0\\R\[386] = Net_303[41]
Removing Lhs of wire \PWM_2:PWMUDB:dith_count_0\\S\[387] = zero[6]
Removing Lhs of wire \PWM_2:PWMUDB:cs_addr_2\[389] = \PWM_2:PWMUDB:tc_i\[369]
Removing Lhs of wire \PWM_2:PWMUDB:cs_addr_1\[390] = \PWM_2:PWMUDB:runmode_enable\[364]
Removing Lhs of wire \PWM_2:PWMUDB:cs_addr_0\[391] = Net_303[41]
Removing Lhs of wire \PWM_2:PWMUDB:compare1\[425] = \PWM_2:PWMUDB:cmp1_less\[395]
Removing Lhs of wire \PWM_2:PWMUDB:compare2\[426] = \PWM_2:PWMUDB:cmp2_less\[398]
Removing Rhs of wire Net_619[436] = \PWM_2:PWMUDB:pwm1_i_reg\[429]
Removing Rhs of wire Net_618[437] = \PWM_2:PWMUDB:pwm2_i_reg\[431]
Removing Lhs of wire \PWM_2:PWMUDB:pwm_temp\[438] = zero[6]
Removing Lhs of wire \PWM_2:PWMUDB:MODULE_2:g2:a0:a_23\[481] = zero[6]
Removing Lhs of wire \PWM_2:PWMUDB:MODULE_2:g2:a0:a_22\[482] = zero[6]
Removing Lhs of wire \PWM_2:PWMUDB:MODULE_2:g2:a0:a_21\[483] = zero[6]
Removing Lhs of wire \PWM_2:PWMUDB:MODULE_2:g2:a0:a_20\[484] = zero[6]
Removing Lhs of wire \PWM_2:PWMUDB:MODULE_2:g2:a0:a_19\[485] = zero[6]
Removing Lhs of wire \PWM_2:PWMUDB:MODULE_2:g2:a0:a_18\[486] = zero[6]
Removing Lhs of wire \PWM_2:PWMUDB:MODULE_2:g2:a0:a_17\[487] = zero[6]
Removing Lhs of wire \PWM_2:PWMUDB:MODULE_2:g2:a0:a_16\[488] = zero[6]
Removing Lhs of wire \PWM_2:PWMUDB:MODULE_2:g2:a0:a_15\[489] = zero[6]
Removing Lhs of wire \PWM_2:PWMUDB:MODULE_2:g2:a0:a_14\[490] = zero[6]
Removing Lhs of wire \PWM_2:PWMUDB:MODULE_2:g2:a0:a_13\[491] = zero[6]
Removing Lhs of wire \PWM_2:PWMUDB:MODULE_2:g2:a0:a_12\[492] = zero[6]
Removing Lhs of wire \PWM_2:PWMUDB:MODULE_2:g2:a0:a_11\[493] = zero[6]
Removing Lhs of wire \PWM_2:PWMUDB:MODULE_2:g2:a0:a_10\[494] = zero[6]
Removing Lhs of wire \PWM_2:PWMUDB:MODULE_2:g2:a0:a_9\[495] = zero[6]
Removing Lhs of wire \PWM_2:PWMUDB:MODULE_2:g2:a0:a_8\[496] = zero[6]
Removing Lhs of wire \PWM_2:PWMUDB:MODULE_2:g2:a0:a_7\[497] = zero[6]
Removing Lhs of wire \PWM_2:PWMUDB:MODULE_2:g2:a0:a_6\[498] = zero[6]
Removing Lhs of wire \PWM_2:PWMUDB:MODULE_2:g2:a0:a_5\[499] = zero[6]
Removing Lhs of wire \PWM_2:PWMUDB:MODULE_2:g2:a0:a_4\[500] = zero[6]
Removing Lhs of wire \PWM_2:PWMUDB:MODULE_2:g2:a0:a_3\[501] = zero[6]
Removing Lhs of wire \PWM_2:PWMUDB:MODULE_2:g2:a0:a_2\[502] = zero[6]
Removing Lhs of wire \PWM_2:PWMUDB:MODULE_2:g2:a0:a_1\[503] = \PWM_2:PWMUDB:MODIN2_1\[504]
Removing Lhs of wire \PWM_2:PWMUDB:MODIN2_1\[504] = \PWM_2:PWMUDB:dith_count_1\[380]
Removing Lhs of wire \PWM_2:PWMUDB:MODULE_2:g2:a0:a_0\[505] = \PWM_2:PWMUDB:MODIN2_0\[506]
Removing Lhs of wire \PWM_2:PWMUDB:MODIN2_0\[506] = \PWM_2:PWMUDB:dith_count_0\[382]
Removing Lhs of wire \PWM_2:PWMUDB:MODULE_2:g2:a0:g1:z1:s0:g1:u0:c_0\[638] = tmpOE__MOTOR_1_left_net_0[1]
Removing Lhs of wire \PWM_2:PWMUDB:MODULE_2:g2:a0:g1:z1:s0:g1:u0:b_0\[639] = tmpOE__MOTOR_1_left_net_0[1]
Removing Lhs of wire tmpOE__MOTOR_2_right_1_net_0[648] = tmpOE__MOTOR_1_left_net_0[1]
Removing Lhs of wire tmpOE__MOTOR_2_left_1_net_0[654] = tmpOE__MOTOR_1_left_net_0[1]
Removing Lhs of wire tmpOE__ResetPin_net_0[660] = tmpOE__MOTOR_1_left_net_0[1]
Removing Lhs of wire tmpOE__ResetPWM_net_0[665] = tmpOE__MOTOR_1_left_net_0[1]
Removing Lhs of wire \PWM:PWMUDB:min_kill_reg\\D\[670] = tmpOE__MOTOR_1_left_net_0[1]
Removing Lhs of wire \PWM:PWMUDB:prevCapture\\D\[671] = zero[6]
Removing Lhs of wire \PWM:PWMUDB:trig_last\\D\[672] = zero[6]
Removing Lhs of wire \PWM:PWMUDB:ltch_kill_reg\\D\[675] = tmpOE__MOTOR_1_left_net_0[1]
Removing Lhs of wire \PWM:PWMUDB:pwm_i_reg\\D\[678] = \PWM:PWMUDB:pwm_i\[104]
Removing Lhs of wire \PWM:PWMUDB:pwm1_i_reg\\D\[679] = \PWM:PWMUDB:pwm1_i\[106]
Removing Lhs of wire \PWM:PWMUDB:pwm2_i_reg\\D\[680] = \PWM:PWMUDB:pwm2_i\[108]
Removing Lhs of wire \PWM_2:PWMUDB:min_kill_reg\\D\[682] = tmpOE__MOTOR_1_left_net_0[1]
Removing Lhs of wire \PWM_2:PWMUDB:prevCapture\\D\[683] = zero[6]
Removing Lhs of wire \PWM_2:PWMUDB:trig_last\\D\[684] = zero[6]
Removing Lhs of wire \PWM_2:PWMUDB:ltch_kill_reg\\D\[687] = tmpOE__MOTOR_1_left_net_0[1]
Removing Lhs of wire \PWM_2:PWMUDB:pwm_i_reg\\D\[690] = \PWM_2:PWMUDB:pwm_i\[428]
Removing Lhs of wire \PWM_2:PWMUDB:pwm1_i_reg\\D\[691] = \PWM_2:PWMUDB:pwm1_i\[430]
Removing Lhs of wire \PWM_2:PWMUDB:pwm2_i_reg\\D\[692] = \PWM_2:PWMUDB:pwm2_i\[432]

------------------------------------------------------
Aliased 0 equations, 129 wires.
------------------------------------------------------

----------------------------------------------------------
Circuit simplification
----------------------------------------------------------

Substituting virtuals - pass 1:

Note:  Expanding virtual equation for 'tmpOE__MOTOR_1_left_net_0' (cost = 0):
tmpOE__MOTOR_1_left_net_0 <=  ('1') ;

Note:  Expanding virtual equation for 'zero' (cost = 0):
zero <=  ('0') ;

Note:  Expanding virtual equation for '\PWM:PWMUDB:cmp1\' (cost = 0):
\PWM:PWMUDB:cmp1\ <= (\PWM:PWMUDB:cmp1_less\);

Note:  Expanding virtual equation for '\PWM:PWMUDB:cmp2\' (cost = 0):
\PWM:PWMUDB:cmp2\ <= (\PWM:PWMUDB:cmp2_less\);

Note:  Expanding virtual equation for '\PWM:PWMUDB:MODULE_1:g2:a0:g1:z1:s0:g1:u0:c_1\' (cost = 0):
\PWM:PWMUDB:MODULE_1:g2:a0:g1:z1:s0:g1:u0:c_1\ <= (\PWM:PWMUDB:dith_count_0\);

Note:  Expanding virtual equation for '\PWM:PWMUDB:MODULE_1:g2:a0:s_0\' (cost = 0):
\PWM:PWMUDB:MODULE_1:g2:a0:s_0\ <= (not \PWM:PWMUDB:dith_count_0\);

Note:  Expanding virtual equation for '\PWM:PWMUDB:MODULE_1:g2:a0:g1:z1:s0:g1:u0:c_17\' (cost = 0):
\PWM:PWMUDB:MODULE_1:g2:a0:g1:z1:s0:g1:u0:c_17\ <=  ('0') ;

Note:  Expanding virtual equation for '\PWM:PWMUDB:MODULE_1:g2:a0:g1:z1:s0:g1:u0:c_9\' (cost = 0):
\PWM:PWMUDB:MODULE_1:g2:a0:g1:z1:s0:g1:u0:c_9\ <=  ('0') ;

Note:  Expanding virtual equation for '\PWM:PWMUDB:MODULE_1:g2:a0:g1:z1:s0:g1:u0:c_2\' (cost = 0):
\PWM:PWMUDB:MODULE_1:g2:a0:g1:z1:s0:g1:u0:c_2\ <= ((\PWM:PWMUDB:dith_count_1\ and \PWM:PWMUDB:dith_count_0\));

Note:  Expanding virtual equation for '\PWM_2:PWMUDB:cmp1\' (cost = 0):
\PWM_2:PWMUDB:cmp1\ <= (\PWM_2:PWMUDB:cmp1_less\);

Note:  Expanding virtual equation for '\PWM_2:PWMUDB:cmp2\' (cost = 0):
\PWM_2:PWMUDB:cmp2\ <= (\PWM_2:PWMUDB:cmp2_less\);

Note:  Expanding virtual equation for '\PWM_2:PWMUDB:MODULE_2:g2:a0:g1:z1:s0:g1:u0:c_1\' (cost = 0):
\PWM_2:PWMUDB:MODULE_2:g2:a0:g1:z1:s0:g1:u0:c_1\ <= (\PWM_2:PWMUDB:dith_count_0\);

Note:  Expanding virtual equation for '\PWM_2:PWMUDB:MODULE_2:g2:a0:s_0\' (cost = 0):
\PWM_2:PWMUDB:MODULE_2:g2:a0:s_0\ <= (not \PWM_2:PWMUDB:dith_count_0\);

Note:  Expanding virtual equation for '\PWM_2:PWMUDB:MODULE_2:g2:a0:g1:z1:s0:g1:u0:c_17\' (cost = 0):
\PWM_2:PWMUDB:MODULE_2:g2:a0:g1:z1:s0:g1:u0:c_17\ <=  ('0') ;

Note:  Expanding virtual equation for '\PWM_2:PWMUDB:MODULE_2:g2:a0:g1:z1:s0:g1:u0:c_9\' (cost = 0):
\PWM_2:PWMUDB:MODULE_2:g2:a0:g1:z1:s0:g1:u0:c_9\ <=  ('0') ;

Note:  Expanding virtual equation for '\PWM_2:PWMUDB:MODULE_2:g2:a0:g1:z1:s0:g1:u0:c_2\' (cost = 0):
\PWM_2:PWMUDB:MODULE_2:g2:a0:g1:z1:s0:g1:u0:c_2\ <= ((\PWM_2:PWMUDB:dith_count_1\ and \PWM_2:PWMUDB:dith_count_0\));


Substituting virtuals - pass 2:

Note:  Expanding virtual equation for '\PWM:PWMUDB:MODULE_1:g2:a0:s_1\' (cost = 2):
\PWM:PWMUDB:MODULE_1:g2:a0:s_1\ <= ((not \PWM:PWMUDB:dith_count_0\ and \PWM:PWMUDB:dith_count_1\)
	OR (not \PWM:PWMUDB:dith_count_1\ and \PWM:PWMUDB:dith_count_0\));

Note:  Expanding virtual equation for '\PWM:PWMUDB:MODULE_1:g2:a0:g1:z1:s0:g1:u0:c_18\' (cost = 0):
\PWM:PWMUDB:MODULE_1:g2:a0:g1:z1:s0:g1:u0:c_18\ <=  ('0') ;

Note:  Expanding virtual equation for '\PWM:PWMUDB:MODULE_1:g2:a0:g1:z1:s0:g1:u0:c_10\' (cost = 0):
\PWM:PWMUDB:MODULE_1:g2:a0:g1:z1:s0:g1:u0:c_10\ <=  ('0') ;

Note:  Expanding virtual equation for '\PWM:PWMUDB:MODULE_1:g2:a0:g1:z1:s0:g1:u0:c_3\' (cost = 0):
\PWM:PWMUDB:MODULE_1:g2:a0:g1:z1:s0:g1:u0:c_3\ <=  ('0') ;

Note:  Expanding virtual equation for '\PWM_2:PWMUDB:MODULE_2:g2:a0:s_1\' (cost = 2):
\PWM_2:PWMUDB:MODULE_2:g2:a0:s_1\ <= ((not \PWM_2:PWMUDB:dith_count_0\ and \PWM_2:PWMUDB:dith_count_1\)
	OR (not \PWM_2:PWMUDB:dith_count_1\ and \PWM_2:PWMUDB:dith_count_0\));

Note:  Expanding virtual equation for '\PWM_2:PWMUDB:MODULE_2:g2:a0:g1:z1:s0:g1:u0:c_18\' (cost = 0):
\PWM_2:PWMUDB:MODULE_2:g2:a0:g1:z1:s0:g1:u0:c_18\ <=  ('0') ;

Note:  Expanding virtual equation for '\PWM_2:PWMUDB:MODULE_2:g2:a0:g1:z1:s0:g1:u0:c_10\' (cost = 0):
\PWM_2:PWMUDB:MODULE_2:g2:a0:g1:z1:s0:g1:u0:c_10\ <=  ('0') ;

Note:  Expanding virtual equation for '\PWM_2:PWMUDB:MODULE_2:g2:a0:g1:z1:s0:g1:u0:c_3\' (cost = 0):
\PWM_2:PWMUDB:MODULE_2:g2:a0:g1:z1:s0:g1:u0:c_3\ <=  ('0') ;


Substituting virtuals - pass 3:

Note:  Expanding virtual equation for '\PWM:PWMUDB:MODULE_1:g2:a0:g1:z1:s0:g1:u0:c_19\' (cost = 0):
\PWM:PWMUDB:MODULE_1:g2:a0:g1:z1:s0:g1:u0:c_19\ <=  ('0') ;

Note:  Expanding virtual equation for '\PWM:PWMUDB:MODULE_1:g2:a0:g1:z1:s0:g1:u0:c_11\' (cost = 0):
\PWM:PWMUDB:MODULE_1:g2:a0:g1:z1:s0:g1:u0:c_11\ <=  ('0') ;

Note:  Expanding virtual equation for '\PWM:PWMUDB:MODULE_1:g2:a0:g1:z1:s0:g1:u0:c_4\' (cost = 0):
\PWM:PWMUDB:MODULE_1:g2:a0:g1:z1:s0:g1:u0:c_4\ <=  ('0') ;

Note:  Expanding virtual equation for '\PWM_2:PWMUDB:MODULE_2:g2:a0:g1:z1:s0:g1:u0:c_19\' (cost = 0):
\PWM_2:PWMUDB:MODULE_2:g2:a0:g1:z1:s0:g1:u0:c_19\ <=  ('0') ;

Note:  Expanding virtual equation for '\PWM_2:PWMUDB:MODULE_2:g2:a0:g1:z1:s0:g1:u0:c_11\' (cost = 0):
\PWM_2:PWMUDB:MODULE_2:g2:a0:g1:z1:s0:g1:u0:c_11\ <=  ('0') ;

Note:  Expanding virtual equation for '\PWM_2:PWMUDB:MODULE_2:g2:a0:g1:z1:s0:g1:u0:c_4\' (cost = 0):
\PWM_2:PWMUDB:MODULE_2:g2:a0:g1:z1:s0:g1:u0:c_4\ <=  ('0') ;


Substituting virtuals - pass 4:

Note:  Expanding virtual equation for '\PWM:PWMUDB:MODULE_1:g2:a0:g1:z1:s0:g1:u0:c_20\' (cost = 0):
\PWM:PWMUDB:MODULE_1:g2:a0:g1:z1:s0:g1:u0:c_20\ <=  ('0') ;

Note:  Expanding virtual equation for '\PWM:PWMUDB:MODULE_1:g2:a0:g1:z1:s0:g1:u0:c_12\' (cost = 0):
\PWM:PWMUDB:MODULE_1:g2:a0:g1:z1:s0:g1:u0:c_12\ <=  ('0') ;

Note:  Expanding virtual equation for '\PWM:PWMUDB:MODULE_1:g2:a0:g1:z1:s0:g1:u0:c_5\' (cost = 0):
\PWM:PWMUDB:MODULE_1:g2:a0:g1:z1:s0:g1:u0:c_5\ <=  ('0') ;

Note:  Expanding virtual equation for '\PWM_2:PWMUDB:MODULE_2:g2:a0:g1:z1:s0:g1:u0:c_20\' (cost = 0):
\PWM_2:PWMUDB:MODULE_2:g2:a0:g1:z1:s0:g1:u0:c_20\ <=  ('0') ;

Note:  Expanding virtual equation for '\PWM_2:PWMUDB:MODULE_2:g2:a0:g1:z1:s0:g1:u0:c_12\' (cost = 0):
\PWM_2:PWMUDB:MODULE_2:g2:a0:g1:z1:s0:g1:u0:c_12\ <=  ('0') ;

Note:  Expanding virtual equation for '\PWM_2:PWMUDB:MODULE_2:g2:a0:g1:z1:s0:g1:u0:c_5\' (cost = 0):
\PWM_2:PWMUDB:MODULE_2:g2:a0:g1:z1:s0:g1:u0:c_5\ <=  ('0') ;


Substituting virtuals - pass 5:

Note:  Expanding virtual equation for '\PWM:PWMUDB:MODULE_1:g2:a0:g1:z1:s0:g1:u0:c_21\' (cost = 0):
\PWM:PWMUDB:MODULE_1:g2:a0:g1:z1:s0:g1:u0:c_21\ <=  ('0') ;

Note:  Expanding virtual equation for '\PWM:PWMUDB:MODULE_1:g2:a0:g1:z1:s0:g1:u0:c_13\' (cost = 0):
\PWM:PWMUDB:MODULE_1:g2:a0:g1:z1:s0:g1:u0:c_13\ <=  ('0') ;

Note:  Expanding virtual equation for '\PWM:PWMUDB:MODULE_1:g2:a0:g1:z1:s0:g1:u0:c_6\' (cost = 0):
\PWM:PWMUDB:MODULE_1:g2:a0:g1:z1:s0:g1:u0:c_6\ <=  ('0') ;

Note:  Expanding virtual equation for '\PWM_2:PWMUDB:MODULE_2:g2:a0:g1:z1:s0:g1:u0:c_21\' (cost = 0):
\PWM_2:PWMUDB:MODULE_2:g2:a0:g1:z1:s0:g1:u0:c_21\ <=  ('0') ;

Note:  Expanding virtual equation for '\PWM_2:PWMUDB:MODULE_2:g2:a0:g1:z1:s0:g1:u0:c_13\' (cost = 0):
\PWM_2:PWMUDB:MODULE_2:g2:a0:g1:z1:s0:g1:u0:c_13\ <=  ('0') ;

Note:  Expanding virtual equation for '\PWM_2:PWMUDB:MODULE_2:g2:a0:g1:z1:s0:g1:u0:c_6\' (cost = 0):
\PWM_2:PWMUDB:MODULE_2:g2:a0:g1:z1:s0:g1:u0:c_6\ <=  ('0') ;


Substituting virtuals - pass 6:

Note:  Expanding virtual equation for '\PWM:PWMUDB:MODULE_1:g2:a0:g1:z1:s0:g1:u0:c_22\' (cost = 0):
\PWM:PWMUDB:MODULE_1:g2:a0:g1:z1:s0:g1:u0:c_22\ <=  ('0') ;

Note:  Expanding virtual equation for '\PWM:PWMUDB:MODULE_1:g2:a0:g1:z1:s0:g1:u0:c_14\' (cost = 0):
\PWM:PWMUDB:MODULE_1:g2:a0:g1:z1:s0:g1:u0:c_14\ <=  ('0') ;

Note:  Expanding virtual equation for '\PWM:PWMUDB:MODULE_1:g2:a0:g1:z1:s0:g1:u0:c_7\' (cost = 0):
\PWM:PWMUDB:MODULE_1:g2:a0:g1:z1:s0:g1:u0:c_7\ <=  ('0') ;

Note:  Expanding virtual equation for '\PWM_2:PWMUDB:MODULE_2:g2:a0:g1:z1:s0:g1:u0:c_22\' (cost = 0):
\PWM_2:PWMUDB:MODULE_2:g2:a0:g1:z1:s0:g1:u0:c_22\ <=  ('0') ;

Note:  Expanding virtual equation for '\PWM_2:PWMUDB:MODULE_2:g2:a0:g1:z1:s0:g1:u0:c_14\' (cost = 0):
\PWM_2:PWMUDB:MODULE_2:g2:a0:g1:z1:s0:g1:u0:c_14\ <=  ('0') ;

Note:  Expanding virtual equation for '\PWM_2:PWMUDB:MODULE_2:g2:a0:g1:z1:s0:g1:u0:c_7\' (cost = 0):
\PWM_2:PWMUDB:MODULE_2:g2:a0:g1:z1:s0:g1:u0:c_7\ <=  ('0') ;


Substituting virtuals - pass 7:

Note:  Expanding virtual equation for '\PWM:PWMUDB:MODULE_1:g2:a0:g1:z1:s0:g1:u0:c_23\' (cost = 0):
\PWM:PWMUDB:MODULE_1:g2:a0:g1:z1:s0:g1:u0:c_23\ <=  ('0') ;

Note:  Expanding virtual equation for '\PWM:PWMUDB:MODULE_1:g2:a0:g1:z1:s0:g1:u0:c_15\' (cost = 0):
\PWM:PWMUDB:MODULE_1:g2:a0:g1:z1:s0:g1:u0:c_15\ <=  ('0') ;

Note:  Expanding virtual equation for '\PWM_2:PWMUDB:MODULE_2:g2:a0:g1:z1:s0:g1:u0:c_23\' (cost = 0):
\PWM_2:PWMUDB:MODULE_2:g2:a0:g1:z1:s0:g1:u0:c_23\ <=  ('0') ;

Note:  Expanding virtual equation for '\PWM_2:PWMUDB:MODULE_2:g2:a0:g1:z1:s0:g1:u0:c_15\' (cost = 0):
\PWM_2:PWMUDB:MODULE_2:g2:a0:g1:z1:s0:g1:u0:c_15\ <=  ('0') ;


Substituting virtuals - pass 8:


----------------------------------------------------------
Circuit simplification results:

	Expanded 52 signals.
	Turned 0 signals into soft nodes.
	Maximum default expansion cost was set at 3.
----------------------------------------------------------

------------------------------------------------------
Alias Detection
------------------------------------------------------
Aliasing \PWM:PWMUDB:final_capture\ to zero
Aliasing \PWM:PWMUDB:pwm_i\ to zero
Aliasing \PWM:PWMUDB:MODULE_1:g2:a0:g1:z1:s0:g1:u0:b_24\ to zero
Aliasing \PWM:PWMUDB:MODULE_1:g2:a0:g1:z1:s0:g1:u0:b_16\ to zero
Aliasing \PWM:PWMUDB:MODULE_1:g2:a0:g1:z1:s0:g1:u0:b_8\ to zero
Aliasing \PWM_2:PWMUDB:final_capture\ to zero
Aliasing \PWM_2:PWMUDB:pwm_i\ to zero
Aliasing \PWM_2:PWMUDB:MODULE_2:g2:a0:g1:z1:s0:g1:u0:b_24\ to zero
Aliasing \PWM_2:PWMUDB:MODULE_2:g2:a0:g1:z1:s0:g1:u0:b_16\ to zero
Aliasing \PWM_2:PWMUDB:MODULE_2:g2:a0:g1:z1:s0:g1:u0:b_8\ to zero
Removing Lhs of wire \PWM:PWMUDB:final_capture\[69] = zero[6]
Removing Lhs of wire \PWM:PWMUDB:pwm_i\[104] = zero[6]
Removing Lhs of wire \PWM:PWMUDB:MODULE_1:g2:a0:g1:z1:s0:g1:u0:b_24\[284] = zero[6]
Removing Lhs of wire \PWM:PWMUDB:MODULE_1:g2:a0:g1:z1:s0:g1:u0:b_16\[294] = zero[6]
Removing Lhs of wire \PWM:PWMUDB:MODULE_1:g2:a0:g1:z1:s0:g1:u0:b_8\[304] = zero[6]
Removing Lhs of wire \PWM_2:PWMUDB:final_capture\[393] = zero[6]
Removing Lhs of wire \PWM_2:PWMUDB:pwm_i\[428] = zero[6]
Removing Lhs of wire \PWM_2:PWMUDB:MODULE_2:g2:a0:g1:z1:s0:g1:u0:b_24\[609] = zero[6]
Removing Lhs of wire \PWM_2:PWMUDB:MODULE_2:g2:a0:g1:z1:s0:g1:u0:b_16\[619] = zero[6]
Removing Lhs of wire \PWM_2:PWMUDB:MODULE_2:g2:a0:g1:z1:s0:g1:u0:b_8\[629] = zero[6]
Removing Lhs of wire \PWM:PWMUDB:runmode_enable\\D\[673] = \PWM:PWMUDB:control_7\[15]
Removing Lhs of wire \PWM_2:PWMUDB:runmode_enable\\D\[685] = \PWM_2:PWMUDB:control_7\[340]

------------------------------------------------------
Aliased 0 equations, 12 wires.
------------------------------------------------------

----------------------------------------------------------
Circuit simplification
----------------------------------------------------------

Eliminating unused logic - pass 1:


Eliminating unused logic - pass 2:


Substituting virtuals - pass 1:


----------------------------------------------------------
Circuit simplification results:

	Expanded 0 signals.
	Turned 0 signals into soft nodes.
	Maximum default expansion cost was set at 3.
----------------------------------------------------------

topld:  No errors.

CYPRESS_DIR    : C:\Program Files (x86)\Cypress\PSoC Creator\4.4\PSoC Creator\warp
Warp Program   : C:\Program Files (x86)\Cypress\PSoC Creator\4.4\PSoC Creator\warp\bin\warp.exe
Warp Arguments : -yv2 -q10 -ygs -o2 -v3 -.fftcfgtype=LE -ya -.fftprj=C:\Users\diego.gomez\Documents\Diego\Programables\Programables\Workspace01\Design01.cydsn\Design01.cyprj -dcpsoc3 Design01.v -verilog
</CYPRESSTAG>
Warp synthesis phase: Elapsed time ==> 1s.104ms
<CYPRESSTAG name="Fitter results...">
<CYPRESSTAG name="Fitter startup details...">
cyp3fit: V4.4.0.80, Family: PSoC3, Started at: Wednesday, 03 March 2021 10:47:43
Options: -yv2 -q10 -ygs -o2 -v3 -.fftcfgtype=LE -ya -.fftprj=C:\Users\diego.gomez\Documents\Diego\Programables\Programables\Workspace01\Design01.cydsn\Design01.cyprj -d CY8C5888LTI-LP097 Design01.v -verilog
</CYPRESSTAG>
<CYPRESSTAG name="Design parsing">
Design parsing phase: Elapsed time ==> 0s.008ms
</CYPRESSTAG>
<CYPRESSTAG name="Tech Mapping">
<CYPRESSTAG name="Initial Mapping" icon="FILE_RPT_TECHM">
    Removed wire end \PWM:PWMUDB:MODULE_1:g2:a0:g1:z1:s0:g1:u0:c_24\ kept zero
    Removed wire end \PWM:PWMUDB:MODULE_1:g2:a0:g1:z1:s0:g1:u0:c_16\ kept zero
    Removed wire end \PWM:PWMUDB:MODULE_1:g2:a0:g1:z1:s0:g1:u0:c_8\ kept zero
    Removed wire end \PWM_2:PWMUDB:MODULE_2:g2:a0:g1:z1:s0:g1:u0:c_24\ kept zero
    Removed wire end \PWM_2:PWMUDB:MODULE_2:g2:a0:g1:z1:s0:g1:u0:c_16\ kept zero
    Removed wire end \PWM_2:PWMUDB:MODULE_2:g2:a0:g1:z1:s0:g1:u0:c_8\ kept zero
    Converted constant MacroCell: \PWM:PWMUDB:prevCapture\ from registered to combinatorial
    Converted constant MacroCell: \PWM:PWMUDB:trig_last\ from registered to combinatorial
    Converted constant MacroCell: \PWM:PWMUDB:pwm_i_reg\ from registered to combinatorial
    Converted constant MacroCell: \PWM_2:PWMUDB:prevCapture\ from registered to combinatorial
    Converted constant MacroCell: \PWM_2:PWMUDB:trig_last\ from registered to combinatorial
    Converted constant MacroCell: \PWM_2:PWMUDB:pwm_i_reg\ from registered to combinatorial
<CYPRESSTAG name="Global Clock Selection" icon="FILE_RPT_TECHM">
    Digital Clock 0: Automatic-assigning  clock 'Clock_1'. Fanout=2, Signal=Net_576
</CYPRESSTAG>

Removing unused cells resulting from optimization
Done removing unused cells.
<CYPRESSTAG name="UDB Clock/Enable Remapping Results">
    UDB Clk/Enable \PWM:PWMUDB:clock_enable_block\: with output requested to be synchronous
        ClockIn: Clock_1 was determined to be a global clock that is synchronous to BUS_CLK
        EnableIn: Constant 1 was determined to be synchronous to ClockIn
        ClockOut: Clock_1, EnableOut: Constant 1
    UDB Clk/Enable \PWM_2:PWMUDB:clock_enable_block\: with output requested to be synchronous
        ClockIn: Clock_1 was determined to be a global clock that is synchronous to BUS_CLK
        EnableIn: Constant 1 was determined to be synchronous to ClockIn
        ClockOut: Clock_1, EnableOut: Constant 1
</CYPRESSTAG>

Removing unused cells resulting from optimization
Done removing unused cells.
<CYPRESSTAG name="Duplicate Macrocell detection">
</CYPRESSTAG>
</CYPRESSTAG>
<CYPRESSTAG name="Duplicate Macrocell detection">

Removing unused cells resulting from optimization
Done removing unused cells.
</CYPRESSTAG>
<CYPRESSTAG name="Design Equations" icon="FILE_RPT_EQUATION">

------------------------------------------------------------
Design Equations
------------------------------------------------------------
    <CYPRESSTAG name="Pin listing">

    ------------------------------------------------------------
    Pin listing
    ------------------------------------------------------------

    Pin : Name = MOTOR_1_left(0)
        Attributes:
            In Group/Port: True
            In Sync Option: AUTO
            Out Sync Option: NOSYNC
            Interrupt generated: False
            Interrupt mode: NONE
            Drive mode: CMOS_OUT
            VTrip: EITHER
            Slew: FAST
            Input Sync needed: False
            Output Sync needed: False
            SC shield enabled: False
            POR State: ANY
            LCD Mode: COMMON
            Register Mode: RegComb
            CaSense Mode: NEITHER
            Treat as pin: True
            Is OE Registered: False
            Uses Analog: False
            Can contain Digital: True
            Is SIO: False
            SIO Output Buf: NONREGULATED
            SIO Input Buf: SINGLE_ENDED
            SIO HiFreq: LOW
            SIO Hyst: DISABLED
            SIO Vtrip: MULTIPLIER_0_5
            SIO Multiplier Index: 0
            SIO RefSel: VCC_IO
            Required Capabilities: DIGITAL, ROUTABLE
            Initial Value: 0
            IO Voltage: 0
        PORT MAP (
            pa_out => MOTOR_1_left(0)__PA ,
            pin_input => Net_446 ,
            pad => MOTOR_1_left(0)_PAD );
        Properties:
        {
        }

    Pin : Name = LED(0)
        Attributes:
            In Group/Port: True
            In Sync Option: AUTO
            Out Sync Option: NOSYNC
            Interrupt generated: False
            Interrupt mode: NONE
            Drive mode: CMOS_OUT
            VTrip: EITHER
            Slew: FAST
            Input Sync needed: False
            Output Sync needed: False
            SC shield enabled: False
            POR State: ANY
            LCD Mode: COMMON
            Register Mode: RegComb
            CaSense Mode: NEITHER
            Treat as pin: True
            Is OE Registered: False
            Uses Analog: False
            Can contain Digital: True
            Is SIO: False
            SIO Output Buf: NONREGULATED
            SIO Input Buf: SINGLE_ENDED
            SIO HiFreq: LOW
            SIO Hyst: DISABLED
            SIO Vtrip: MULTIPLIER_0_5
            SIO Multiplier Index: 0
            SIO RefSel: VCC_IO
            Required Capabilities: DIGITAL
            Initial Value: 0
            IO Voltage: 0
        PORT MAP (
            pa_out => LED(0)__PA ,
            pad => LED(0)_PAD );
        Properties:
        {
        }

    Pin : Name = MOTOR_1_right(0)
        Attributes:
            In Group/Port: True
            In Sync Option: AUTO
            Out Sync Option: NOSYNC
            Interrupt generated: False
            Interrupt mode: NONE
            Drive mode: CMOS_OUT
            VTrip: EITHER
            Slew: FAST
            Input Sync needed: False
            Output Sync needed: False
            SC shield enabled: False
            POR State: ANY
            LCD Mode: COMMON
            Register Mode: RegComb
            CaSense Mode: NEITHER
            Treat as pin: True
            Is OE Registered: False
            Uses Analog: False
            Can contain Digital: True
            Is SIO: False
            SIO Output Buf: NONREGULATED
            SIO Input Buf: SINGLE_ENDED
            SIO HiFreq: LOW
            SIO Hyst: DISABLED
            SIO Vtrip: MULTIPLIER_0_5
            SIO Multiplier Index: 0
            SIO RefSel: VCC_IO
            Required Capabilities: DIGITAL, ROUTABLE
            Initial Value: 0
            IO Voltage: 0
        PORT MAP (
            pa_out => MOTOR_1_right(0)__PA ,
            pin_input => Net_464 ,
            pad => MOTOR_1_right(0)_PAD );
        Properties:
        {
        }

    Pin : Name = MOTOR_2_right_1(0)
        Attributes:
            In Group/Port: True
            In Sync Option: AUTO
            Out Sync Option: NOSYNC
            Interrupt generated: False
            Interrupt mode: NONE
            Drive mode: CMOS_OUT
            VTrip: EITHER
            Slew: FAST
            Input Sync needed: False
            Output Sync needed: False
            SC shield enabled: False
            POR State: ANY
            LCD Mode: COMMON
            Register Mode: RegComb
            CaSense Mode: NEITHER
            Treat as pin: True
            Is OE Registered: False
            Uses Analog: False
            Can contain Digital: True
            Is SIO: False
            SIO Output Buf: NONREGULATED
            SIO Input Buf: SINGLE_ENDED
            SIO HiFreq: LOW
            SIO Hyst: DISABLED
            SIO Vtrip: MULTIPLIER_0_5
            SIO Multiplier Index: 0
            SIO RefSel: VCC_IO
            Required Capabilities: DIGITAL, ROUTABLE
            Initial Value: 0
            IO Voltage: 0
        PORT MAP (
            pa_out => MOTOR_2_right_1(0)__PA ,
            pin_input => Net_618 ,
            pad => MOTOR_2_right_1(0)_PAD );
        Properties:
        {
        }

    Pin : Name = MOTOR_2_left_1(0)
        Attributes:
            In Group/Port: True
            In Sync Option: AUTO
            Out Sync Option: NOSYNC
            Interrupt generated: False
            Interrupt mode: NONE
            Drive mode: CMOS_OUT
            VTrip: EITHER
            Slew: FAST
            Input Sync needed: False
            Output Sync needed: False
            SC shield enabled: False
            POR State: ANY
            LCD Mode: COMMON
            Register Mode: RegComb
            CaSense Mode: NEITHER
            Treat as pin: True
            Is OE Registered: False
            Uses Analog: False
            Can contain Digital: True
            Is SIO: False
            SIO Output Buf: NONREGULATED
            SIO Input Buf: SINGLE_ENDED
            SIO HiFreq: LOW
            SIO Hyst: DISABLED
            SIO Vtrip: MULTIPLIER_0_5
            SIO Multiplier Index: 0
            SIO RefSel: VCC_IO
            Required Capabilities: DIGITAL, ROUTABLE
            Initial Value: 0
            IO Voltage: 0
        PORT MAP (
            pa_out => MOTOR_2_left_1(0)__PA ,
            pin_input => Net_619 ,
            pad => MOTOR_2_left_1(0)_PAD );
        Properties:
        {
        }

    Pin : Name = ResetPin(0)
        Attributes:
            In Group/Port: True
            In Sync Option: NOSYNC
            Out Sync Option: AUTO
            Interrupt generated: False
            Interrupt mode: NONE
            Drive mode: RES_PULL_DOWN
            VTrip: CMOS
            Slew: FAST
            Input Sync needed: False
            Output Sync needed: False
            SC shield enabled: False
            POR State: ANY
            LCD Mode: COMMON
            Register Mode: RegComb
            CaSense Mode: NEITHER
            Treat as pin: True
            Is OE Registered: False
            Uses Analog: False
            Can contain Digital: True
            Is SIO: False
            SIO Output Buf: NONREGULATED
            SIO Input Buf: SINGLE_ENDED
            SIO HiFreq: LOW
            SIO Hyst: DISABLED
            SIO Vtrip: MULTIPLIER_0_5
            SIO Multiplier Index: 0
            SIO RefSel: VCC_IO
            Required Capabilities: DIGITAL, ROUTABLE
            Initial Value: 0
            IO Voltage: 0
        PORT MAP (
            pa_out => ResetPin(0)__PA ,
            fb => Net_303 ,
            pad => ResetPin(0)_PAD );
        Properties:
        {
        }

    Pin : Name = ResetPWM(0)
        Attributes:
            In Group/Port: True
            In Sync Option: AUTO
            Out Sync Option: NOSYNC
            Interrupt generated: False
            Interrupt mode: NONE
            Drive mode: CMOS_OUT
            VTrip: EITHER
            Slew: FAST
            Input Sync needed: False
            Output Sync needed: False
            SC shield enabled: False
            POR State: ANY
            LCD Mode: COMMON
            Register Mode: RegComb
            CaSense Mode: NEITHER
            Treat as pin: True
            Is OE Registered: False
            Uses Analog: False
            Can contain Digital: True
            Is SIO: False
            SIO Output Buf: NONREGULATED
            SIO Input Buf: SINGLE_ENDED
            SIO HiFreq: LOW
            SIO Hyst: DISABLED
            SIO Vtrip: MULTIPLIER_0_5
            SIO Multiplier Index: 0
            SIO RefSel: VCC_IO
            Required Capabilities: DIGITAL
            Initial Value: 0
            IO Voltage: 0
        PORT MAP (
            pa_out => ResetPWM(0)__PA ,
            pad => ResetPWM(0)_PAD );
        Properties:
        {
        }
    </CYPRESSTAG>
    <CYPRESSTAG name="Macrocell listing" icon="FILE_RPT_EQUATION">

    ------------------------------------------------------------
    Macrocell listing
    ------------------------------------------------------------

    MacroCell: Name=\PWM:PWMUDB:runmode_enable\, Mode=(D-Register)
        Total # of inputs        : 1
        Total # of product terms : 1
        List of special equations: 
            Clock  = (Net_576) => Global
            Reset  = (Net_303)
            Clock Enable: True
        Main Equation            : 1 pterm
        (
              \PWM:PWMUDB:control_7\
        );
        Output = \PWM:PWMUDB:runmode_enable\ (fanout=3)

    MacroCell: Name=Net_446, Mode=(D-Register)
        Total # of inputs        : 2
        Total # of product terms : 1
        List of special equations: 
            Clock  = (Net_576) => Global
            Clock Enable: True
        Main Equation            : 1 pterm
        (
              \PWM:PWMUDB:runmode_enable\ * \PWM:PWMUDB:cmp1_less\
        );
        Output = Net_446 (fanout=1)

    MacroCell: Name=Net_464, Mode=(D-Register)
        Total # of inputs        : 2
        Total # of product terms : 1
        List of special equations: 
            Clock  = (Net_576) => Global
            Clock Enable: True
        Main Equation            : 1 pterm
        (
              \PWM:PWMUDB:runmode_enable\ * \PWM:PWMUDB:cmp2_less\
        );
        Output = Net_464 (fanout=1)

    MacroCell: Name=\PWM_2:PWMUDB:runmode_enable\, Mode=(D-Register)
        Total # of inputs        : 1
        Total # of product terms : 1
        List of special equations: 
            Clock  = (Net_576) => Global
            Reset  = (Net_303)
            Clock Enable: True
        Main Equation            : 1 pterm
        (
              \PWM_2:PWMUDB:control_7\
        );
        Output = \PWM_2:PWMUDB:runmode_enable\ (fanout=3)

    MacroCell: Name=Net_619, Mode=(D-Register)
        Total # of inputs        : 2
        Total # of product terms : 1
        List of special equations: 
            Clock  = (Net_576) => Global
            Clock Enable: True
        Main Equation            : 1 pterm
        (
              \PWM_2:PWMUDB:runmode_enable\ * \PWM_2:PWMUDB:cmp1_less\
        );
        Output = Net_619 (fanout=1)

    MacroCell: Name=Net_618, Mode=(D-Register)
        Total # of inputs        : 2
        Total # of product terms : 1
        List of special equations: 
            Clock  = (Net_576) => Global
            Clock Enable: True
        Main Equation            : 1 pterm
        (
              \PWM_2:PWMUDB:runmode_enable\ * \PWM_2:PWMUDB:cmp2_less\
        );
        Output = Net_618 (fanout=1)
    </CYPRESSTAG>
    <CYPRESSTAG name="Datapath listing">

    ------------------------------------------------------------
    Datapath listing
    ------------------------------------------------------------

    datapathcell: Name =\PWM:PWMUDB:sP8:pwmdp:u0\
        PORT MAP (
            clock => Net_576 ,
            cs_addr_2 => \PWM:PWMUDB:tc_i\ ,
            cs_addr_1 => \PWM:PWMUDB:runmode_enable\ ,
            cs_addr_0 => Net_303 ,
            cl0_comb => \PWM:PWMUDB:cmp1_less\ ,
            z0_comb => \PWM:PWMUDB:tc_i\ ,
            cl1_comb => \PWM:PWMUDB:cmp2_less\ );
        Properties:
        {
            a0_init = "00000000"
            a1_init = "00000000"
            ce0_sync = 1
            ce1_sync = 1
            cl0_sync = 1
            cl1_sync = 1
            cmsb_sync = 1
            co_msb_sync = 1
            cy_dpconfig = "0000000001000000000000001100000001000000010000000000000011000000000000001100000000000000110000000000000011000000000000001100000011111111000000001111111111111111101000000000000000000100000000000000000000011000"
            d0_init = "00000000"
            d1_init = "00000000"
            f0_blk_sync = 1
            f0_bus_sync = 1
            f1_blk_sync = 1
            f1_bus_sync = 1
            ff0_sync = 1
            ff1_sync = 1
            ov_msb_sync = 1
            so_sync = 1
            z0_sync = 1
            z1_sync = 1
        }
        Clock Polarity: Active High
        Clock Enable: True

    datapathcell: Name =\PWM_2:PWMUDB:sP8:pwmdp:u0\
        PORT MAP (
            clock => Net_576 ,
            cs_addr_2 => \PWM_2:PWMUDB:tc_i\ ,
            cs_addr_1 => \PWM_2:PWMUDB:runmode_enable\ ,
            cs_addr_0 => Net_303 ,
            cl0_comb => \PWM_2:PWMUDB:cmp1_less\ ,
            z0_comb => \PWM_2:PWMUDB:tc_i\ ,
            cl1_comb => \PWM_2:PWMUDB:cmp2_less\ );
        Properties:
        {
            a0_init = "00000000"
            a1_init = "00000000"
            ce0_sync = 1
            ce1_sync = 1
            cl0_sync = 1
            cl1_sync = 1
            cmsb_sync = 1
            co_msb_sync = 1
            cy_dpconfig = "0000000001000000000000001100000001000000010000000000000011000000000000001100000000000000110000000000000011000000000000001100000011111111000000001111111111111111101000000000000000000100000000000000000000011000"
            d0_init = "00000000"
            d1_init = "00000000"
            f0_blk_sync = 1
            f0_bus_sync = 1
            f1_blk_sync = 1
            f1_bus_sync = 1
            ff0_sync = 1
            ff1_sync = 1
            ov_msb_sync = 1
            so_sync = 1
            z0_sync = 1
            z1_sync = 1
        }
        Clock Polarity: Active High
        Clock Enable: True
    </CYPRESSTAG>
    <CYPRESSTAG name="Status register listing">
    </CYPRESSTAG>
    <CYPRESSTAG name="StatusI register listing">
    </CYPRESSTAG>
    <CYPRESSTAG name="Sync listing">
    </CYPRESSTAG>
    <CYPRESSTAG name="Control register listing">

    ------------------------------------------------------------
    Control register listing
    ------------------------------------------------------------

    controlcell: Name =\PWM:PWMUDB:genblk1:ctrlreg\
        PORT MAP (
            clock => Net_576 ,
            control_7 => \PWM:PWMUDB:control_7\ ,
            control_6 => \PWM:PWMUDB:control_6\ ,
            control_5 => \PWM:PWMUDB:control_5\ ,
            control_4 => \PWM:PWMUDB:control_4\ ,
            control_3 => \PWM:PWMUDB:control_3\ ,
            control_2 => \PWM:PWMUDB:control_2\ ,
            control_1 => \PWM:PWMUDB:control_1\ ,
            control_0 => \PWM:PWMUDB:control_0\ );
        Properties:
        {
            cy_ctrl_mode_0 = "11111111"
            cy_ctrl_mode_1 = "00000000"
            cy_ext_reset = 0
            cy_force_order = 1
            cy_init_value = "00000000"
        }
        Clock Polarity: Active High
        Clock Enable: True

    controlcell: Name =\PWM_2:PWMUDB:genblk1:ctrlreg\
        PORT MAP (
            clock => Net_576 ,
            control_7 => \PWM_2:PWMUDB:control_7\ ,
            control_6 => \PWM_2:PWMUDB:control_6\ ,
            control_5 => \PWM_2:PWMUDB:control_5\ ,
            control_4 => \PWM_2:PWMUDB:control_4\ ,
            control_3 => \PWM_2:PWMUDB:control_3\ ,
            control_2 => \PWM_2:PWMUDB:control_2\ ,
            control_1 => \PWM_2:PWMUDB:control_1\ ,
            control_0 => \PWM_2:PWMUDB:control_0\ );
        Properties:
        {
            cy_ctrl_mode_0 = "11111111"
            cy_ctrl_mode_1 = "00000000"
            cy_ext_reset = 0
            cy_force_order = 1
            cy_init_value = "00000000"
        }
        Clock Polarity: Active High
        Clock Enable: True
    </CYPRESSTAG>
    <CYPRESSTAG name="Count7 listing">
    </CYPRESSTAG>
    <CYPRESSTAG name="DRQ listing">
    </CYPRESSTAG>
    <CYPRESSTAG name="Interrupt listing">
    </CYPRESSTAG>
</CYPRESSTAG>
<CYPRESSTAG name="Technology mapping summary" expanded>

------------------------------------------------------------
Technology mapping summary
------------------------------------------------------------

Resource Type                 : Used : Free :  Max :  % Used
============================================================
Digital Clocks                :    1 :    7 :    8 : 12.50 %
Analog Clocks                 :    0 :    4 :    4 :  0.00 %
CapSense Buffers              :    0 :    2 :    2 :  0.00 %
Digital Filter Block          :    0 :    1 :    1 :  0.00 %
Interrupts                    :    0 :   32 :   32 :  0.00 %
IO                            :   10 :   38 :   48 : 20.83 %
Segment LCD                   :    0 :    1 :    1 :  0.00 %
CAN 2.0b                      :    0 :    1 :    1 :  0.00 %
I2C                           :    0 :    1 :    1 :  0.00 %
USB                           :    0 :    1 :    1 :  0.00 %
DMA Channels                  :    0 :   24 :   24 :  0.00 %
Timer                         :    0 :    4 :    4 :  0.00 %
UDB                           :      :      :      :        
  Macrocells                  :    6 :  186 :  192 :  3.13 %
  Unique P-terms              :    6 :  378 :  384 :  1.56 %
  Total P-terms               :    6 :      :      :        
  Datapath Cells              :    2 :   22 :   24 :  8.33 %
  Status Cells                :    0 :   24 :   24 :  0.00 %
  Control Cells               :    2 :   22 :   24 :  8.33 %
    Control Registers         :    2 :      :      :        
Opamp                         :    0 :    4 :    4 :  0.00 %
Comparator                    :    0 :    4 :    4 :  0.00 %
Delta-Sigma ADC               :    0 :    1 :    1 :  0.00 %
LPF                           :    0 :    2 :    2 :  0.00 %
SAR ADC                       :    0 :    2 :    2 :  0.00 %
Analog (SC/CT) Blocks         :    0 :    4 :    4 :  0.00 %
DAC                           :      :      :      :        
  VIDAC                       :    0 :    4 :    4 :  0.00 %
</CYPRESSTAG>
Technology Mapping: Elapsed time ==> 0s.104ms
Tech Mapping phase: Elapsed time ==> 0s.162ms
</CYPRESSTAG>
<CYPRESSTAG name="Analog Placement">
Initial Analog Placement Results:
IO_1@[IOP=(2)][IoId=(1)] : LED(0) (fixed)
IO_0@[IOP=(0)][IoId=(0)] : MOTOR_1_left(0) (fixed)
IO_1@[IOP=(0)][IoId=(1)] : MOTOR_1_right(0) (fixed)
IO_2@[IOP=(0)][IoId=(2)] : MOTOR_2_left_1(0) (fixed)
IO_3@[IOP=(0)][IoId=(3)] : MOTOR_2_right_1(0) (fixed)
IO_5@[IOP=(3)][IoId=(5)] : ResetPWM(0) (fixed)
IO_4@[IOP=(3)][IoId=(4)] : ResetPin(0) (fixed)
Analog Placement phase: Elapsed time ==> 0s.011ms
</CYPRESSTAG>
<CYPRESSTAG name="Analog Routing">
Analog Routing phase: Elapsed time ==> 0s.000ms
</CYPRESSTAG>
<CYPRESSTAG name="Analog Code Generation">
============ Analog Final Answer Routes ============
Dump of CyAnalogRoutingResultsDB
Map of net to items {
}
Map of item to net {
}
Mux Info {
}
Dump of CyP35AnalogRoutingResultsDB
IsVddaHalfUsedForComp = False
IsVddaHalfUsedForSar0 = False
IsVddaHalfUsedForSar1 = False
Analog Code Generation phase: Elapsed time ==> 0s.226ms
</CYPRESSTAG>
<CYPRESSTAG name="Digital Placement">
<CYPRESSTAG name="Detailed placement messages">
I2076: Total run-time: 0.5 sec.

</CYPRESSTAG>
<CYPRESSTAG name="PLD Packing">
<CYPRESSTAG name="PLD Packing Summary" expanded>

------------------------------------------------------------
PLD Packing Summary
------------------------------------------------------------
            Resource Type : Used : Free :  Max :  % Used
    ====================================================
                     PLDs :    2 :   46 :   48 :   4.17%

<CYPRESSTAG name="PLD Statistics">

        PLD Resource Type :     Average/LAB
    =======================================
                   Inputs :            4.50
                   Pterms :            3.00
               Macrocells :            3.00
</CYPRESSTAG>
<CYPRESSTAG name="Packed PLD Contents">
Packed PLD Contents not displayed at this verbose level.</CYPRESSTAG>
</CYPRESSTAG>
PLD Packing: Elapsed time ==> 0s.000ms
</CYPRESSTAG>
<CYPRESSTAG name="Partitioning">
<CYPRESSTAG name="Initial Partitioning Summary">
Initial Partitioning Summary not displayed at this verbose level.</CYPRESSTAG>
<CYPRESSTAG name="Final Partitioning Summary">
Final Partitioning Summary not displayed at this verbose level.</CYPRESSTAG>
Partitioning: Elapsed time ==> 0s.008ms
</CYPRESSTAG>
<CYPRESSTAG name="Final Placement Summary">

------------------------------------------------------------
Final Placement Summary
------------------------------------------------------------

       Resource Type :      Count : Avg Inputs : Avg Outputs
    ========================================================
                 UDB :          2 :       4.50 :       3.00
<CYPRESSTAG name="Final Placement Details">
<CYPRESSTAG name="Component Details">

------------------------------------------------------------
Component Placement Details
------------------------------------------------------------
UDB [UDB=(0,0)] is empty.
UDB [UDB=(0,1)] is empty.
UDB [UDB=(0,2)] is empty.
UDB [UDB=(0,3)] is empty.
UDB [UDB=(0,4)] is empty.
UDB [UDB=(0,5)] is empty.
UDB [UDB=(1,0)] is empty.
UDB [UDB=(1,1)] is empty.
UDB [UDB=(1,2)] is empty.
UDB [UDB=(1,3)] is empty.
UDB [UDB=(1,4)] is empty.
UDB [UDB=(1,5)] is empty.
UDB [UDB=(2,0)] is empty.
UDB [UDB=(2,1)] contents:
LAB@[UDB=(2,1)][LB=0] #macrocells=2, #inputs=3, #pterms=2
{
    [McSlotId=0]:     MacroCell: Name=\PWM_2:PWMUDB:runmode_enable\, Mode=(D-Register) @ [UDB=(2,1)][LB=0][MC=0]
        Total # of inputs        : 1
        Total # of product terms : 1
        List of special equations: 
            Clock  = (Net_576) => Global
            Reset  = (Net_303)
            Clock Enable: True
        Main Equation            : 1 pterm
        (
              \PWM_2:PWMUDB:control_7\
        );
        Output = \PWM_2:PWMUDB:runmode_enable\ (fanout=3)
        Properties               : 
        {
        }

    [McSlotId=1]:     MacroCell: Name=Net_619, Mode=(D-Register) @ [UDB=(2,1)][LB=0][MC=1]
        Total # of inputs        : 2
        Total # of product terms : 1
        List of special equations: 
            Clock  = (Net_576) => Global
            Clock Enable: True
        Main Equation            : 1 pterm
        (
              \PWM_2:PWMUDB:runmode_enable\ * \PWM_2:PWMUDB:cmp1_less\
        );
        Output = Net_619 (fanout=1)
        Properties               : 
        {
        }

    [McSlotId=2]: (empty)
    [McSlotId=3]: (empty)
}

datapathcell: Name =\PWM_2:PWMUDB:sP8:pwmdp:u0\
    PORT MAP (
        clock => Net_576 ,
        cs_addr_2 => \PWM_2:PWMUDB:tc_i\ ,
        cs_addr_1 => \PWM_2:PWMUDB:runmode_enable\ ,
        cs_addr_0 => Net_303 ,
        cl0_comb => \PWM_2:PWMUDB:cmp1_less\ ,
        z0_comb => \PWM_2:PWMUDB:tc_i\ ,
        cl1_comb => \PWM_2:PWMUDB:cmp2_less\ );
    Properties:
    {
        a0_init = "00000000"
        a1_init = "00000000"
        ce0_sync = 1
        ce1_sync = 1
        cl0_sync = 1
        cl1_sync = 1
        cmsb_sync = 1
        co_msb_sync = 1
        cy_dpconfig = "0000000001000000000000001100000001000000010000000000000011000000000000001100000000000000110000000000000011000000000000001100000011111111000000001111111111111111101000000000000000000100000000000000000000011000"
        d0_init = "00000000"
        d1_init = "00000000"
        f0_blk_sync = 1
        f0_bus_sync = 1
        f1_blk_sync = 1
        f1_bus_sync = 1
        ff0_sync = 1
        ff1_sync = 1
        ov_msb_sync = 1
        so_sync = 1
        z0_sync = 1
        z1_sync = 1
    }
    Clock Polarity: Active High
    Clock Enable: True

controlcell: Name =\PWM_2:PWMUDB:genblk1:ctrlreg\
    PORT MAP (
        clock => Net_576 ,
        control_7 => \PWM_2:PWMUDB:control_7\ ,
        control_6 => \PWM_2:PWMUDB:control_6\ ,
        control_5 => \PWM_2:PWMUDB:control_5\ ,
        control_4 => \PWM_2:PWMUDB:control_4\ ,
        control_3 => \PWM_2:PWMUDB:control_3\ ,
        control_2 => \PWM_2:PWMUDB:control_2\ ,
        control_1 => \PWM_2:PWMUDB:control_1\ ,
        control_0 => \PWM_2:PWMUDB:control_0\ );
    Properties:
    {
        cy_ctrl_mode_0 = "11111111"
        cy_ctrl_mode_1 = "00000000"
        cy_ext_reset = 0
        cy_force_order = 1
        cy_init_value = "00000000"
    }
    Clock Polarity: Active High
    Clock Enable: True

UDB [UDB=(2,2)] is empty.
UDB [UDB=(2,3)] is empty.
UDB [UDB=(2,4)] is empty.
UDB [UDB=(2,5)] is empty.
UDB [UDB=(3,0)] is empty.
UDB [UDB=(3,1)] contents:
LAB@[UDB=(3,1)][LB=0] #macrocells=4, #inputs=6, #pterms=4
{
    [McSlotId=0]:     MacroCell: Name=Net_464, Mode=(D-Register) @ [UDB=(3,1)][LB=0][MC=0]
        Total # of inputs        : 2
        Total # of product terms : 1
        List of special equations: 
            Clock  = (Net_576) => Global
            Clock Enable: True
        Main Equation            : 1 pterm
        (
              \PWM:PWMUDB:runmode_enable\ * \PWM:PWMUDB:cmp2_less\
        );
        Output = Net_464 (fanout=1)
        Properties               : 
        {
        }

    [McSlotId=1]:     MacroCell: Name=\PWM:PWMUDB:runmode_enable\, Mode=(D-Register) @ [UDB=(3,1)][LB=0][MC=1]
        Total # of inputs        : 1
        Total # of product terms : 1
        List of special equations: 
            Clock  = (Net_576) => Global
            Reset  = (Net_303)
            Clock Enable: True
        Main Equation            : 1 pterm
        (
              \PWM:PWMUDB:control_7\
        );
        Output = \PWM:PWMUDB:runmode_enable\ (fanout=3)
        Properties               : 
        {
        }

    [McSlotId=2]:     MacroCell: Name=Net_446, Mode=(D-Register) @ [UDB=(3,1)][LB=0][MC=2]
        Total # of inputs        : 2
        Total # of product terms : 1
        List of special equations: 
            Clock  = (Net_576) => Global
            Clock Enable: True
        Main Equation            : 1 pterm
        (
              \PWM:PWMUDB:runmode_enable\ * \PWM:PWMUDB:cmp1_less\
        );
        Output = Net_446 (fanout=1)
        Properties               : 
        {
        }

    [McSlotId=3]:     MacroCell: Name=Net_618, Mode=(D-Register) @ [UDB=(3,1)][LB=0][MC=3]
        Total # of inputs        : 2
        Total # of product terms : 1
        List of special equations: 
            Clock  = (Net_576) => Global
            Clock Enable: True
        Main Equation            : 1 pterm
        (
              \PWM_2:PWMUDB:runmode_enable\ * \PWM_2:PWMUDB:cmp2_less\
        );
        Output = Net_618 (fanout=1)
        Properties               : 
        {
        }
}

datapathcell: Name =\PWM:PWMUDB:sP8:pwmdp:u0\
    PORT MAP (
        clock => Net_576 ,
        cs_addr_2 => \PWM:PWMUDB:tc_i\ ,
        cs_addr_1 => \PWM:PWMUDB:runmode_enable\ ,
        cs_addr_0 => Net_303 ,
        cl0_comb => \PWM:PWMUDB:cmp1_less\ ,
        z0_comb => \PWM:PWMUDB:tc_i\ ,
        cl1_comb => \PWM:PWMUDB:cmp2_less\ );
    Properties:
    {
        a0_init = "00000000"
        a1_init = "00000000"
        ce0_sync = 1
        ce1_sync = 1
        cl0_sync = 1
        cl1_sync = 1
        cmsb_sync = 1
        co_msb_sync = 1
        cy_dpconfig = "0000000001000000000000001100000001000000010000000000000011000000000000001100000000000000110000000000000011000000000000001100000011111111000000001111111111111111101000000000000000000100000000000000000000011000"
        d0_init = "00000000"
        d1_init = "00000000"
        f0_blk_sync = 1
        f0_bus_sync = 1
        f1_blk_sync = 1
        f1_bus_sync = 1
        ff0_sync = 1
        ff1_sync = 1
        ov_msb_sync = 1
        so_sync = 1
        z0_sync = 1
        z1_sync = 1
    }
    Clock Polarity: Active High
    Clock Enable: True

controlcell: Name =\PWM:PWMUDB:genblk1:ctrlreg\
    PORT MAP (
        clock => Net_576 ,
        control_7 => \PWM:PWMUDB:control_7\ ,
        control_6 => \PWM:PWMUDB:control_6\ ,
        control_5 => \PWM:PWMUDB:control_5\ ,
        control_4 => \PWM:PWMUDB:control_4\ ,
        control_3 => \PWM:PWMUDB:control_3\ ,
        control_2 => \PWM:PWMUDB:control_2\ ,
        control_1 => \PWM:PWMUDB:control_1\ ,
        control_0 => \PWM:PWMUDB:control_0\ );
    Properties:
    {
        cy_ctrl_mode_0 = "11111111"
        cy_ctrl_mode_1 = "00000000"
        cy_ext_reset = 0
        cy_force_order = 1
        cy_init_value = "00000000"
    }
    Clock Polarity: Active High
    Clock Enable: True

UDB [UDB=(3,2)] is empty.
UDB [UDB=(3,3)] is empty.
UDB [UDB=(3,4)] is empty.
UDB [UDB=(3,5)] is empty.
Intr container @ [IntrContainer=(0)]: empty
Drq container @ [DrqContainer=(0)]: empty
Port 0 contains the following IO cells:
[IoId=0]: 
Pin : Name = MOTOR_1_left(0)
    Attributes:
        In Group/Port: True
        In Sync Option: AUTO
        Out Sync Option: NOSYNC
        Interrupt generated: False
        Interrupt mode: NONE
        Drive mode: CMOS_OUT
        VTrip: EITHER
        Slew: FAST
        Input Sync needed: False
        Output Sync needed: False
        SC shield enabled: False
        POR State: ANY
        LCD Mode: COMMON
        Register Mode: RegComb
        CaSense Mode: NEITHER
        Treat as pin: True
        Is OE Registered: False
        Uses Analog: False
        Can contain Digital: True
        Is SIO: False
        SIO Output Buf: NONREGULATED
        SIO Input Buf: SINGLE_ENDED
        SIO HiFreq: LOW
        SIO Hyst: DISABLED
        SIO Vtrip: MULTIPLIER_0_5
        SIO Multiplier Index: 0
        SIO RefSel: VCC_IO
        Required Capabilities: DIGITAL, ROUTABLE
        Initial Value: 0
        IO Voltage: 0
    PORT MAP (
        pa_out => MOTOR_1_left(0)__PA ,
        pin_input => Net_446 ,
        pad => MOTOR_1_left(0)_PAD );
    Properties:
    {
    }

[IoId=1]: 
Pin : Name = MOTOR_1_right(0)
    Attributes:
        In Group/Port: True
        In Sync Option: AUTO
        Out Sync Option: NOSYNC
        Interrupt generated: False
        Interrupt mode: NONE
        Drive mode: CMOS_OUT
        VTrip: EITHER
        Slew: FAST
        Input Sync needed: False
        Output Sync needed: False
        SC shield enabled: False
        POR State: ANY
        LCD Mode: COMMON
        Register Mode: RegComb
        CaSense Mode: NEITHER
        Treat as pin: True
        Is OE Registered: False
        Uses Analog: False
        Can contain Digital: True
        Is SIO: False
        SIO Output Buf: NONREGULATED
        SIO Input Buf: SINGLE_ENDED
        SIO HiFreq: LOW
        SIO Hyst: DISABLED
        SIO Vtrip: MULTIPLIER_0_5
        SIO Multiplier Index: 0
        SIO RefSel: VCC_IO
        Required Capabilities: DIGITAL, ROUTABLE
        Initial Value: 0
        IO Voltage: 0
    PORT MAP (
        pa_out => MOTOR_1_right(0)__PA ,
        pin_input => Net_464 ,
        pad => MOTOR_1_right(0)_PAD );
    Properties:
    {
    }

[IoId=2]: 
Pin : Name = MOTOR_2_left_1(0)
    Attributes:
        In Group/Port: True
        In Sync Option: AUTO
        Out Sync Option: NOSYNC
        Interrupt generated: False
        Interrupt mode: NONE
        Drive mode: CMOS_OUT
        VTrip: EITHER
        Slew: FAST
        Input Sync needed: False
        Output Sync needed: False
        SC shield enabled: False
        POR State: ANY
        LCD Mode: COMMON
        Register Mode: RegComb
        CaSense Mode: NEITHER
        Treat as pin: True
        Is OE Registered: False
        Uses Analog: False
        Can contain Digital: True
        Is SIO: False
        SIO Output Buf: NONREGULATED
        SIO Input Buf: SINGLE_ENDED
        SIO HiFreq: LOW
        SIO Hyst: DISABLED
        SIO Vtrip: MULTIPLIER_0_5
        SIO Multiplier Index: 0
        SIO RefSel: VCC_IO
        Required Capabilities: DIGITAL, ROUTABLE
        Initial Value: 0
        IO Voltage: 0
    PORT MAP (
        pa_out => MOTOR_2_left_1(0)__PA ,
        pin_input => Net_619 ,
        pad => MOTOR_2_left_1(0)_PAD );
    Properties:
    {
    }

[IoId=3]: 
Pin : Name = MOTOR_2_right_1(0)
    Attributes:
        In Group/Port: True
        In Sync Option: AUTO
        Out Sync Option: NOSYNC
        Interrupt generated: False
        Interrupt mode: NONE
        Drive mode: CMOS_OUT
        VTrip: EITHER
        Slew: FAST
        Input Sync needed: False
        Output Sync needed: False
        SC shield enabled: False
        POR State: ANY
        LCD Mode: COMMON
        Register Mode: RegComb
        CaSense Mode: NEITHER
        Treat as pin: True
        Is OE Registered: False
        Uses Analog: False
        Can contain Digital: True
        Is SIO: False
        SIO Output Buf: NONREGULATED
        SIO Input Buf: SINGLE_ENDED
        SIO HiFreq: LOW
        SIO Hyst: DISABLED
        SIO Vtrip: MULTIPLIER_0_5
        SIO Multiplier Index: 0
        SIO RefSel: VCC_IO
        Required Capabilities: DIGITAL, ROUTABLE
        Initial Value: 0
        IO Voltage: 0
    PORT MAP (
        pa_out => MOTOR_2_right_1(0)__PA ,
        pin_input => Net_618 ,
        pad => MOTOR_2_right_1(0)_PAD );
    Properties:
    {
    }

Port 1 contains the following IO cells:
Port 2 contains the following IO cells:
[IoId=1]: 
Pin : Name = LED(0)
    Attributes:
        In Group/Port: True
        In Sync Option: AUTO
        Out Sync Option: NOSYNC
        Interrupt generated: False
        Interrupt mode: NONE
        Drive mode: CMOS_OUT
        VTrip: EITHER
        Slew: FAST
        Input Sync needed: False
        Output Sync needed: False
        SC shield enabled: False
        POR State: ANY
        LCD Mode: COMMON
        Register Mode: RegComb
        CaSense Mode: NEITHER
        Treat as pin: True
        Is OE Registered: False
        Uses Analog: False
        Can contain Digital: True
        Is SIO: False
        SIO Output Buf: NONREGULATED
        SIO Input Buf: SINGLE_ENDED
        SIO HiFreq: LOW
        SIO Hyst: DISABLED
        SIO Vtrip: MULTIPLIER_0_5
        SIO Multiplier Index: 0
        SIO RefSel: VCC_IO
        Required Capabilities: DIGITAL
        Initial Value: 0
        IO Voltage: 0
    PORT MAP (
        pa_out => LED(0)__PA ,
        pad => LED(0)_PAD );
    Properties:
    {
    }

Port 3 contains the following IO cells:
[IoId=4]: 
Pin : Name = ResetPin(0)
    Attributes:
        In Group/Port: True
        In Sync Option: NOSYNC
        Out Sync Option: AUTO
        Interrupt generated: False
        Interrupt mode: NONE
        Drive mode: RES_PULL_DOWN
        VTrip: CMOS
        Slew: FAST
        Input Sync needed: False
        Output Sync needed: False
        SC shield enabled: False
        POR State: ANY
        LCD Mode: COMMON
        Register Mode: RegComb
        CaSense Mode: NEITHER
        Treat as pin: True
        Is OE Registered: False
        Uses Analog: False
        Can contain Digital: True
        Is SIO: False
        SIO Output Buf: NONREGULATED
        SIO Input Buf: SINGLE_ENDED
        SIO HiFreq: LOW
        SIO Hyst: DISABLED
        SIO Vtrip: MULTIPLIER_0_5
        SIO Multiplier Index: 0
        SIO RefSel: VCC_IO
        Required Capabilities: DIGITAL, ROUTABLE
        Initial Value: 0
        IO Voltage: 0
    PORT MAP (
        pa_out => ResetPin(0)__PA ,
        fb => Net_303 ,
        pad => ResetPin(0)_PAD );
    Properties:
    {
    }

[IoId=5]: 
Pin : Name = ResetPWM(0)
    Attributes:
        In Group/Port: True
        In Sync Option: AUTO
        Out Sync Option: NOSYNC
        Interrupt generated: False
        Interrupt mode: NONE
        Drive mode: CMOS_OUT
        VTrip: EITHER
        Slew: FAST
        Input Sync needed: False
        Output Sync needed: False
        SC shield enabled: False
        POR State: ANY
        LCD Mode: COMMON
        Register Mode: RegComb
        CaSense Mode: NEITHER
        Treat as pin: True
        Is OE Registered: False
        Uses Analog: False
        Can contain Digital: True
        Is SIO: False
        SIO Output Buf: NONREGULATED
        SIO Input Buf: SINGLE_ENDED
        SIO HiFreq: LOW
        SIO Hyst: DISABLED
        SIO Vtrip: MULTIPLIER_0_5
        SIO Multiplier Index: 0
        SIO RefSel: VCC_IO
        Required Capabilities: DIGITAL
        Initial Value: 0
        IO Voltage: 0
    PORT MAP (
        pa_out => ResetPWM(0)__PA ,
        pad => ResetPWM(0)_PAD );
    Properties:
    {
    }

Port 12 contains the following IO cells:
Port 15 contains the following IO cells:
ARM group 0: empty
CAN group 0: empty
Cache group 0: empty
CapSense group 0: empty
Clock group 0: 
    Clock Block @ F(Clock,0): 
    clockblockcell: Name =ClockBlock
        PORT MAP (
            imo => ClockBlock_IMO ,
            pllout => ClockBlock_PLL_OUT ,
            ilo => ClockBlock_ILO ,
            clk_100k => ClockBlock_100k ,
            clk_1k => ClockBlock_1k ,
            clk_32k => ClockBlock_32k ,
            xtal => ClockBlock_XTAL ,
            clk_32k_xtal => ClockBlock_XTAL_32KHZ ,
            clk_sync => ClockBlock_MASTER_CLK ,
            clk_bus_glb => ClockBlock_BUS_CLK ,
            clk_bus => ClockBlock_BUS_CLK_local ,
            dclk_glb_0 => Net_576 ,
            dclk_0 => Net_576_local );
        Properties:
        {
        }
Comparator group 0: empty
DFB group 0: empty
DSM group 0: empty
Decimator group 0: empty
EMIF group 0: empty
I2C group 0: empty
LCD group 0: empty
LVD group 0: empty
PICU group 0: empty
PM group 0: empty
SC group 0: empty
SPC group 0: empty
Timer group 0: empty
USB group 0: empty
VIDAC group 0: empty
OpAmp group 0: empty
CsAbuf group 0: empty
Vref group 0: empty
LPF group 0: empty
SAR group 0: empty
ANAIF group 0: empty
PHUB group 0: empty
</CYPRESSTAG>
<CYPRESSTAG name="Port Configuration Details">

------------------------------------------------------------
Port Configuration report
------------------------------------------------------------
     |     |       | Interrupt |                  |                    | 
Port | Pin | Fixed |      Type |       Drive Mode |               Name | Connections
-----+-----+-------+-----------+------------------+--------------------+------------
   0 |   0 |     * |      NONE |         CMOS_OUT |    MOTOR_1_left(0) | In(Net_446)
     |   1 |     * |      NONE |         CMOS_OUT |   MOTOR_1_right(0) | In(Net_464)
     |   2 |     * |      NONE |         CMOS_OUT |  MOTOR_2_left_1(0) | In(Net_619)
     |   3 |     * |      NONE |         CMOS_OUT | MOTOR_2_right_1(0) | In(Net_618)
-----+-----+-------+-----------+------------------+--------------------+------------
   2 |   1 |     * |      NONE |         CMOS_OUT |             LED(0) | 
-----+-----+-------+-----------+------------------+--------------------+------------
   3 |   4 |     * |      NONE |    RES_PULL_DOWN |        ResetPin(0) | FB(Net_303)
     |   5 |     * |      NONE |         CMOS_OUT |        ResetPWM(0) | 
------------------------------------------------------------------------------------
</CYPRESSTAG>
</CYPRESSTAG>
</CYPRESSTAG>
Digital component placer commit/Report: Elapsed time ==> 0s.020ms
Digital Placement phase: Elapsed time ==> 0s.717ms
</CYPRESSTAG>
<CYPRESSTAG name="Digital Routing">
"C:\Program Files (x86)\Cypress\PSoC Creator\4.4\PSoC Creator\bin/sjrouter.exe" --xml-path "C:\Program Files (x86)\Cypress\PSoC Creator\4.4\PSoC Creator\dev\psoc5/psoc5lp/route_arch-rrg.cydata" --vh2-path "Design01_r.vh2" --pcf-path "Design01.pco" --des-name "Design01" --dsf-path "Design01.dsf" --sdc-path "Design01.sdc" --lib-path "Design01_r.lib"
Routing successful.
Digital Routing phase: Elapsed time ==> 1s.069ms
</CYPRESSTAG>
<CYPRESSTAG name="Bitstream Generation">
Bitstream Generation phase: Elapsed time ==> 0s.207ms
</CYPRESSTAG>
<CYPRESSTAG name="Bitstream Verification">
Bitstream Verification phase: Elapsed time ==> 0s.034ms
</CYPRESSTAG>
<CYPRESSTAG name="Static timing analysis">
Timing report is in Design01_timing.html.
Static timing analysis phase: Elapsed time ==> 0s.259ms
</CYPRESSTAG>
<CYPRESSTAG name="Data reporting">
Data reporting phase: Elapsed time ==> 0s.000ms
</CYPRESSTAG>
<CYPRESSTAG name="Database update...">
Design database save phase: Elapsed time ==> 0s.157ms
</CYPRESSTAG>
cydsfit: Elapsed time ==> 2s.904ms
</CYPRESSTAG>
Fitter phase: Elapsed time ==> 2s.904ms
API generation phase: Elapsed time ==> 0s.900ms
Dependency generation phase: Elapsed time ==> 0s.022ms
Cleanup phase: Elapsed time ==> 0s.000ms
