ARM GAS  C:\Users\E531\AppData\Local\Temp\ccLs98XZ.s 			page 1


   1              		.syntax unified
   2              		.cpu cortex-m3
   3              		.fpu softvfp
   4              		.eabi_attribute 20, 1
   5              		.eabi_attribute 21, 1
   6              		.eabi_attribute 23, 3
   7              		.eabi_attribute 24, 1
   8              		.eabi_attribute 25, 1
   9              		.eabi_attribute 26, 1
  10              		.eabi_attribute 30, 1
  11              		.eabi_attribute 34, 1
  12              		.eabi_attribute 18, 4
  13              		.thumb
  14              		.syntax unified
  15              		.file	"cymetadata.c"
  16              		.text
  17              	.Ltext0:
  18              		.cfi_sections	.debug_frame
  19              		.global	cy_metadata
  20              		.global	cy_meta_flashprotect
  21              		.global	cy_meta_wonvl
  22              		.global	cy_meta_custnvl
  23              		.global	cy_meta_configecc
  24              		.section	.cyconfigecc,"a",%progbits
  25              		.align	2
  26              		.type	cy_meta_configecc, %object
  27              		.size	cy_meta_configecc, 396
  28              	cy_meta_configecc:
  29 0000 02       		.byte	2
  30 0001 52       		.byte	82
  31 0002 00       		.byte	0
  32 0003 40       		.byte	64
  33 0004 34       		.byte	52
  34 0005 02       		.byte	2
  35 0006 01       		.byte	1
  36 0007 40       		.byte	64
  37 0008 12       		.byte	18
  38 0009 03       		.byte	3
  39 000a 01       		.byte	1
  40 000b 40       		.byte	64
  41 000c 34       		.byte	52
  42 000d 04       		.byte	4
  43 000e 01       		.byte	1
  44 000f 40       		.byte	64
  45 0010 16       		.byte	22
  46 0011 05       		.byte	5
  47 0012 01       		.byte	1
  48 0013 40       		.byte	64
  49 0014 01       		.byte	1
  50 0015 07       		.byte	7
  51 0016 01       		.byte	1
  52 0017 40       		.byte	64
  53 0018 06       		.byte	6
  54 0019 41       		.byte	65
  55 001a 01       		.byte	1
  56 001b 40       		.byte	64
  57 001c 05       		.byte	5
ARM GAS  C:\Users\E531\AppData\Local\Temp\ccLs98XZ.s 			page 2


  58 001d 42       		.byte	66
  59 001e 01       		.byte	1
  60 001f 40       		.byte	64
  61 0020 04       		.byte	4
  62 0021 43       		.byte	67
  63 0022 01       		.byte	1
  64 0023 40       		.byte	64
  65 0024 03       		.byte	3
  66 0025 50       		.byte	80
  67 0026 01       		.byte	1
  68 0027 40       		.byte	64
  69 0028 00       		.byte	0
  70 0029 09       		.byte	9
  71 002a 01       		.byte	1
  72 002b 03       		.byte	3
  73 002c 40       		.byte	64
  74 002d 60       		.byte	96
  75 002e 41       		.byte	65
  76 002f 05       		.byte	5
  77 0030 49       		.byte	73
  78 0031 FF       		.byte	-1
  79 0032 4A       		.byte	74
  80 0033 FF       		.byte	-1
  81 0034 4B       		.byte	75
  82 0035 FF       		.byte	-1
  83 0036 4D       		.byte	77
  84 0037 A0       		.byte	-96
  85 0038 4F       		.byte	79
  86 0039 04       		.byte	4
  87 003a 50       		.byte	80
  88 003b 18       		.byte	24
  89 003c 5A       		.byte	90
  90 003d 04       		.byte	4
  91 003e 5F       		.byte	95
  92 003f 01       		.byte	1
  93 0040 60       		.byte	96
  94 0041 40       		.byte	64
  95 0042 62       		.byte	98
  96 0043 C0       		.byte	-64
  97 0044 64       		.byte	100
  98 0045 40       		.byte	64
  99 0046 65       		.byte	101
 100 0047 40       		.byte	64
 101 0048 66       		.byte	102
 102 0049 C0       		.byte	-64
 103 004a 68       		.byte	104
 104 004b C0       		.byte	-64
 105 004c 6A       		.byte	106
 106 004d C0       		.byte	-64
 107 004e 6C       		.byte	108
 108 004f C0       		.byte	-64
 109 0050 6E       		.byte	110
 110 0051 C0       		.byte	-64
 111 0052 86       		.byte	-122
 112 0053 06       		.byte	6
 113 0054 92       		.byte	-110
 114 0055 01       		.byte	1
ARM GAS  C:\Users\E531\AppData\Local\Temp\ccLs98XZ.s 			page 3


 115 0056 A6       		.byte	-90
 116 0057 02       		.byte	2
 117 0058 AA       		.byte	-86
 118 0059 04       		.byte	4
 119 005a B0       		.byte	-80
 120 005b 02       		.byte	2
 121 005c B2       		.byte	-78
 122 005d 04       		.byte	4
 123 005e B4       		.byte	-76
 124 005f 01       		.byte	1
 125 0060 C0       		.byte	-64
 126 0061 20       		.byte	32
 127 0062 C1       		.byte	-63
 128 0063 05       		.byte	5
 129 0064 C5       		.byte	-59
 130 0065 05       		.byte	5
 131 0066 C7       		.byte	-57
 132 0067 21       		.byte	33
 133 0068 C8       		.byte	-56
 134 0069 31       		.byte	49
 135 006a C9       		.byte	-55
 136 006b FF       		.byte	-1
 137 006c CA       		.byte	-54
 138 006d FF       		.byte	-1
 139 006e CB       		.byte	-53
 140 006f FF       		.byte	-1
 141 0070 CD       		.byte	-51
 142 0071 AF       		.byte	-81
 143 0072 CE       		.byte	-50
 144 0073 0F       		.byte	15
 145 0074 CF       		.byte	-49
 146 0075 04       		.byte	4
 147 0076 D0       		.byte	-48
 148 0077 18       		.byte	24
 149 0078 D2       		.byte	-46
 150 0079 80       		.byte	-128
 151 007a D8       		.byte	-40
 152 007b 04       		.byte	4
 153 007c DA       		.byte	-38
 154 007d 04       		.byte	4
 155 007e DB       		.byte	-37
 156 007f 04       		.byte	4
 157 0080 DF       		.byte	-33
 158 0081 01       		.byte	1
 159 0082 E0       		.byte	-32
 160 0083 40       		.byte	64
 161 0084 E2       		.byte	-30
 162 0085 C0       		.byte	-64
 163 0086 E4       		.byte	-28
 164 0087 40       		.byte	64
 165 0088 E5       		.byte	-27
 166 0089 40       		.byte	64
 167 008a E6       		.byte	-26
 168 008b C0       		.byte	-64
 169 008c E8       		.byte	-24
 170 008d C0       		.byte	-64
 171 008e EA       		.byte	-22
ARM GAS  C:\Users\E531\AppData\Local\Temp\ccLs98XZ.s 			page 4


 172 008f C0       		.byte	-64
 173 0090 EC       		.byte	-20
 174 0091 C0       		.byte	-64
 175 0092 EE       		.byte	-18
 176 0093 C0       		.byte	-64
 177 0094 00       		.byte	0
 178 0095 04       		.byte	4
 179 0096 09       		.byte	9
 180 0097 02       		.byte	2
 181 0098 10       		.byte	16
 182 0099 28       		.byte	40
 183 009a 18       		.byte	24
 184 009b 14       		.byte	20
 185 009c 1B       		.byte	27
 186 009d 11       		.byte	17
 187 009e 40       		.byte	64
 188 009f 04       		.byte	4
 189 00a0 48       		.byte	72
 190 00a1 20       		.byte	32
 191 00a2 4A       		.byte	74
 192 00a3 02       		.byte	2
 193 00a4 4E       		.byte	78
 194 00a5 02       		.byte	2
 195 00a6 4F       		.byte	79
 196 00a7 20       		.byte	32
 197 00a8 50       		.byte	80
 198 00a9 08       		.byte	8
 199 00aa 52       		.byte	82
 200 00ab 02       		.byte	2
 201 00ac 71       		.byte	113
 202 00ad 02       		.byte	2
 203 00ae C0       		.byte	-64
 204 00af 04       		.byte	4
 205 00b0 C2       		.byte	-62
 206 00b1 08       		.byte	8
 207 00b2 C4       		.byte	-60
 208 00b3 06       		.byte	6
 209 00b4 D0       		.byte	-48
 210 00b5 04       		.byte	4
 211 00b6 D2       		.byte	-46
 212 00b7 38       		.byte	56
 213 00b8 40       		.byte	64
 214 00b9 30       		.byte	48
 215 00ba 41       		.byte	65
 216 00bb 01       		.byte	1
 217 00bc 49       		.byte	73
 218 00bd FF       		.byte	-1
 219 00be 4A       		.byte	74
 220 00bf FF       		.byte	-1
 221 00c0 4B       		.byte	75
 222 00c1 FF       		.byte	-1
 223 00c2 4D       		.byte	77
 224 00c3 A0       		.byte	-96
 225 00c4 4F       		.byte	79
 226 00c5 04       		.byte	4
 227 00c6 50       		.byte	80
 228 00c7 18       		.byte	24
ARM GAS  C:\Users\E531\AppData\Local\Temp\ccLs98XZ.s 			page 5


 229 00c8 5A       		.byte	90
 230 00c9 04       		.byte	4
 231 00ca 5F       		.byte	95
 232 00cb 01       		.byte	1
 233 00cc 60       		.byte	96
 234 00cd 40       		.byte	64
 235 00ce 62       		.byte	98
 236 00cf C0       		.byte	-64
 237 00d0 64       		.byte	100
 238 00d1 40       		.byte	64
 239 00d2 65       		.byte	101
 240 00d3 40       		.byte	64
 241 00d4 66       		.byte	102
 242 00d5 C0       		.byte	-64
 243 00d6 68       		.byte	104
 244 00d7 C0       		.byte	-64
 245 00d8 6A       		.byte	106
 246 00d9 C0       		.byte	-64
 247 00da 6C       		.byte	108
 248 00db C0       		.byte	-64
 249 00dc 6E       		.byte	110
 250 00dd C0       		.byte	-64
 251 00de 86       		.byte	-122
 252 00df 02       		.byte	2
 253 00e0 96       		.byte	-106
 254 00e1 06       		.byte	6
 255 00e2 9E       		.byte	-98
 256 00e3 04       		.byte	4
 257 00e4 AE       		.byte	-82
 258 00e5 01       		.byte	1
 259 00e6 B0       		.byte	-80
 260 00e7 04       		.byte	4
 261 00e8 B2       		.byte	-78
 262 00e9 01       		.byte	1
 263 00ea B4       		.byte	-76
 264 00eb 02       		.byte	2
 265 00ec C0       		.byte	-64
 266 00ed 30       		.byte	48
 267 00ee C1       		.byte	-63
 268 00ef 05       		.byte	5
 269 00f0 C5       		.byte	-59
 270 00f1 50       		.byte	80
 271 00f2 C6       		.byte	-58
 272 00f3 12       		.byte	18
 273 00f4 C8       		.byte	-56
 274 00f5 0E       		.byte	14
 275 00f6 C9       		.byte	-55
 276 00f7 FF       		.byte	-1
 277 00f8 CA       		.byte	-54
 278 00f9 FF       		.byte	-1
 279 00fa CB       		.byte	-53
 280 00fb FF       		.byte	-1
 281 00fc CD       		.byte	-51
 282 00fd AF       		.byte	-81
 283 00fe CE       		.byte	-50
 284 00ff 0F       		.byte	15
 285 0100 CF       		.byte	-49
ARM GAS  C:\Users\E531\AppData\Local\Temp\ccLs98XZ.s 			page 6


 286 0101 04       		.byte	4
 287 0102 D0       		.byte	-48
 288 0103 18       		.byte	24
 289 0104 D2       		.byte	-46
 290 0105 80       		.byte	-128
 291 0106 D8       		.byte	-40
 292 0107 04       		.byte	4
 293 0108 DA       		.byte	-38
 294 0109 04       		.byte	4
 295 010a DB       		.byte	-37
 296 010b 04       		.byte	4
 297 010c DF       		.byte	-33
 298 010d 01       		.byte	1
 299 010e E0       		.byte	-32
 300 010f 40       		.byte	64
 301 0110 E2       		.byte	-30
 302 0111 C0       		.byte	-64
 303 0112 E4       		.byte	-28
 304 0113 40       		.byte	64
 305 0114 E5       		.byte	-27
 306 0115 40       		.byte	64
 307 0116 E6       		.byte	-26
 308 0117 C0       		.byte	-64
 309 0118 E8       		.byte	-24
 310 0119 C0       		.byte	-64
 311 011a EA       		.byte	-22
 312 011b C0       		.byte	-64
 313 011c EC       		.byte	-20
 314 011d C0       		.byte	-64
 315 011e EE       		.byte	-18
 316 011f C0       		.byte	-64
 317 0120 06       		.byte	6
 318 0121 20       		.byte	32
 319 0122 0D       		.byte	13
 320 0123 08       		.byte	8
 321 0124 0F       		.byte	15
 322 0125 02       		.byte	2
 323 0126 17       		.byte	23
 324 0127 80       		.byte	-128
 325 0128 1C       		.byte	28
 326 0129 10       		.byte	16
 327 012a 1D       		.byte	29
 328 012b 08       		.byte	8
 329 012c 1E       		.byte	30
 330 012d 84       		.byte	-124
 331 012e 40       		.byte	64
 332 012f 10       		.byte	16
 333 0130 41       		.byte	65
 334 0131 80       		.byte	-128
 335 0132 45       		.byte	69
 336 0133 08       		.byte	8
 337 0134 4F       		.byte	79
 338 0135 82       		.byte	-126
 339 0136 55       		.byte	85
 340 0137 80       		.byte	-128
 341 0138 56       		.byte	86
 342 0139 20       		.byte	32
ARM GAS  C:\Users\E531\AppData\Local\Temp\ccLs98XZ.s 			page 7


 343 013a 57       		.byte	87
 344 013b 40       		.byte	64
 345 013c 77       		.byte	119
 346 013d 80       		.byte	-128
 347 013e A8       		.byte	-88
 348 013f 10       		.byte	16
 349 0140 AF       		.byte	-81
 350 0141 01       		.byte	1
 351 0142 C0       		.byte	-64
 352 0143 20       		.byte	32
 353 0144 C2       		.byte	-62
 354 0145 A0       		.byte	-96
 355 0146 C4       		.byte	-60
 356 0147 80       		.byte	-128
 357 0148 D0       		.byte	-48
 358 0149 4A       		.byte	74
 359 014a D2       		.byte	-46
 360 014b 10       		.byte	16
 361 014c AE       		.byte	-82
 362 014d 44       		.byte	68
 363 014e 50       		.byte	80
 364 014f 04       		.byte	4
 365 0150 57       		.byte	87
 366 0151 80       		.byte	-128
 367 0152 58       		.byte	88
 368 0153 10       		.byte	16
 369 0154 5F       		.byte	95
 370 0155 80       		.byte	-128
 371 0156 D4       		.byte	-44
 372 0157 E0       		.byte	-32
 373 0158 D6       		.byte	-42
 374 0159 20       		.byte	32
 375 015a 9C       		.byte	-100
 376 015b 10       		.byte	16
 377 015c 9F       		.byte	-97
 378 015d 80       		.byte	-128
 379 015e A8       		.byte	-88
 380 015f 04       		.byte	4
 381 0160 AF       		.byte	-81
 382 0161 80       		.byte	-128
 383 0162 EE       		.byte	-18
 384 0163 90       		.byte	-112
 385 0164 AC       		.byte	-84
 386 0165 10       		.byte	16
 387 0166 AF       		.byte	-81
 388 0167 80       		.byte	-128
 389 0168 EA       		.byte	-22
 390 0169 40       		.byte	64
 391 016a EE       		.byte	-18
 392 016b 40       		.byte	64
 393 016c 00       		.byte	0
 394 016d 01       		.byte	1
 395 016e 08       		.byte	8
 396 016f 01       		.byte	1
 397 0170 0A       		.byte	10
 398 0171 01       		.byte	1
 399 0172 00       		.byte	0
ARM GAS  C:\Users\E531\AppData\Local\Temp\ccLs98XZ.s 			page 8


 400 0173 00       		.byte	0
 401 0174 00       		.byte	0
 402 0175 0F       		.byte	15
 403 0176 0F       		.byte	15
 404 0177 00       		.byte	0
 405 0178 0F       		.byte	15
 406 0179 00       		.byte	0
 407 017a 00       		.byte	0
 408 017b 00       		.byte	0
 409 017c 00       		.byte	0
 410 017d 0B       		.byte	11
 411 017e 0B       		.byte	11
 412 017f 00       		.byte	0
 413 0180 00       		.byte	0
 414 0181 00       		.byte	0
 415 0182 00       		.byte	0
 416 0183 00       		.byte	0
 417 0184 00       		.byte	0
 418 0185 02       		.byte	2
 419 0186 02       		.byte	2
 420 0187 00       		.byte	0
 421 0188 00       		.byte	0
 422 0189 00       		.byte	0
 423 018a 00       		.byte	0
 424 018b 00       		.byte	0
 425              		.section	.cywolatch,"a",%progbits
 426              		.align	2
 427              		.type	cy_meta_wonvl, %object
 428              		.size	cy_meta_wonvl, 4
 429              	cy_meta_wonvl:
 430 0000 BC       		.byte	-68
 431 0001 90       		.byte	-112
 432 0002 AC       		.byte	-84
 433 0003 AF       		.byte	-81
 434              		.section	.cycustnvl,"a",%progbits
 435              		.align	2
 436              		.type	cy_meta_custnvl, %object
 437              		.size	cy_meta_custnvl, 4
 438              	cy_meta_custnvl:
 439 0000 00       		.byte	0
 440 0001 00       		.byte	0
 441 0002 40       		.byte	64
 442 0003 05       		.byte	5
 443              		.section	.cymeta,"a",%progbits
 444              		.align	2
 445              		.type	cy_metadata, %object
 446              		.size	cy_metadata, 12
 447              	cy_metadata:
 448 0000 00       		.byte	0
 449 0001 01       		.byte	1
 450 0002 2E       		.byte	46
 451 0003 16       		.byte	22
 452 0004 10       		.byte	16
 453 0005 69       		.byte	105
 454 0006 00       		.byte	0
 455 0007 01       		.byte	1
 456 0008 00       		.byte	0
ARM GAS  C:\Users\E531\AppData\Local\Temp\ccLs98XZ.s 			page 9


 457 0009 00       		.byte	0
 458 000a 00       		.byte	0
 459 000b 00       		.byte	0
 460              		.section	.cyflashprotect,"a",%progbits
 461              		.align	2
 462              		.type	cy_meta_flashprotect, %object
 463              		.size	cy_meta_flashprotect, 256
 464              	cy_meta_flashprotect:
 465 0000 00000000 		.space	256
 465      00000000 
 465      00000000 
 465      00000000 
 465      00000000 
 466              		.text
 467              	.Letext0:
 468              		.file 1 "c:\\program files (x86)\\cypress\\psoc creator\\4.4\\psoc creator\\import\\gnu\\arm\\5.4.
 469              		.file 2 "c:\\program files (x86)\\cypress\\psoc creator\\4.4\\psoc creator\\import\\gnu\\arm\\5.4.
 470              		.file 3 "Generated_Source\\PSoC5\\cymetadata.c"
 471              		.section	.debug_info,"",%progbits
 472              	.Ldebug_info0:
 473 0000 31010000 		.4byte	0x131
 474 0004 0400     		.2byte	0x4
 475 0006 00000000 		.4byte	.Ldebug_abbrev0
 476 000a 04       		.byte	0x4
 477 000b 01       		.uleb128 0x1
 478 000c 24000000 		.4byte	.LASF17
 479 0010 0C       		.byte	0xc
 480 0011 C9010000 		.4byte	.LASF18
 481 0015 25010000 		.4byte	.LASF19
 482 0019 00000000 		.4byte	.Ldebug_line0
 483 001d 02       		.uleb128 0x2
 484 001e 01       		.byte	0x1
 485 001f 06       		.byte	0x6
 486 0020 BD010000 		.4byte	.LASF0
 487 0024 03       		.uleb128 0x3
 488 0025 00000000 		.4byte	.LASF9
 489 0029 01       		.byte	0x1
 490 002a 1D       		.byte	0x1d
 491 002b 2F000000 		.4byte	0x2f
 492 002f 02       		.uleb128 0x2
 493 0030 01       		.byte	0x1
 494 0031 08       		.byte	0x8
 495 0032 16000000 		.4byte	.LASF1
 496 0036 02       		.uleb128 0x2
 497 0037 02       		.byte	0x2
 498 0038 05       		.byte	0x5
 499 0039 AA010000 		.4byte	.LASF2
 500 003d 02       		.uleb128 0x2
 501 003e 02       		.byte	0x2
 502 003f 07       		.byte	0x7
 503 0040 C4000000 		.4byte	.LASF3
 504 0044 02       		.uleb128 0x2
 505 0045 04       		.byte	0x4
 506 0046 05       		.byte	0x5
 507 0047 B4010000 		.4byte	.LASF4
 508 004b 02       		.uleb128 0x2
 509 004c 04       		.byte	0x4
ARM GAS  C:\Users\E531\AppData\Local\Temp\ccLs98XZ.s 			page 10


 510 004d 07       		.byte	0x7
 511 004e B2000000 		.4byte	.LASF5
 512 0052 02       		.uleb128 0x2
 513 0053 08       		.byte	0x8
 514 0054 05       		.byte	0x5
 515 0055 9C010000 		.4byte	.LASF6
 516 0059 02       		.uleb128 0x2
 517 005a 08       		.byte	0x8
 518 005b 07       		.byte	0x7
 519 005c 06010000 		.4byte	.LASF7
 520 0060 04       		.uleb128 0x4
 521 0061 04       		.byte	0x4
 522 0062 05       		.byte	0x5
 523 0063 696E7400 		.ascii	"int\000"
 524 0067 02       		.uleb128 0x2
 525 0068 04       		.byte	0x4
 526 0069 07       		.byte	0x7
 527 006a F9000000 		.4byte	.LASF8
 528 006e 03       		.uleb128 0x3
 529 006f 1D010000 		.4byte	.LASF10
 530 0073 02       		.byte	0x2
 531 0074 18       		.byte	0x18
 532 0075 24000000 		.4byte	0x24
 533 0079 05       		.uleb128 0x5
 534 007a 91000000 		.4byte	0x91
 535 007e 8A000000 		.4byte	0x8a
 536 0082 06       		.uleb128 0x6
 537 0083 8A000000 		.4byte	0x8a
 538 0087 8B01     		.2byte	0x18b
 539 0089 00       		.byte	0
 540 008a 02       		.uleb128 0x2
 541 008b 04       		.byte	0x4
 542 008c 07       		.byte	0x7
 543 008d 93010000 		.4byte	.LASF11
 544 0091 07       		.uleb128 0x7
 545 0092 6E000000 		.4byte	0x6e
 546 0096 08       		.uleb128 0x8
 547 0097 E7000000 		.4byte	.LASF12
 548 009b 03       		.byte	0x3
 549 009c 1F       		.byte	0x1f
 550 009d A7000000 		.4byte	0xa7
 551 00a1 05       		.uleb128 0x5
 552 00a2 03       		.byte	0x3
 553 00a3 00000000 		.4byte	cy_meta_configecc
 554 00a7 07       		.uleb128 0x7
 555 00a8 79000000 		.4byte	0x79
 556 00ac 05       		.uleb128 0x5
 557 00ad 91000000 		.4byte	0x91
 558 00b1 BC000000 		.4byte	0xbc
 559 00b5 09       		.uleb128 0x9
 560 00b6 8A000000 		.4byte	0x8a
 561 00ba 03       		.byte	0x3
 562 00bb 00       		.byte	0
 563 00bc 08       		.uleb128 0x8
 564 00bd D7000000 		.4byte	.LASF13
 565 00c1 03       		.byte	0x3
 566 00c2 5E       		.byte	0x5e
ARM GAS  C:\Users\E531\AppData\Local\Temp\ccLs98XZ.s 			page 11


 567 00c3 CD000000 		.4byte	0xcd
 568 00c7 05       		.uleb128 0x5
 569 00c8 03       		.byte	0x3
 570 00c9 00000000 		.4byte	cy_meta_custnvl
 571 00cd 07       		.uleb128 0x7
 572 00ce AC000000 		.4byte	0xac
 573 00d2 08       		.uleb128 0x8
 574 00d3 85010000 		.4byte	.LASF14
 575 00d7 03       		.byte	0x3
 576 00d8 6C       		.byte	0x6c
 577 00d9 E3000000 		.4byte	0xe3
 578 00dd 05       		.uleb128 0x5
 579 00de 03       		.byte	0x3
 580 00df 00000000 		.4byte	cy_meta_wonvl
 581 00e3 07       		.uleb128 0x7
 582 00e4 AC000000 		.4byte	0xac
 583 00e8 05       		.uleb128 0x5
 584 00e9 91000000 		.4byte	0x91
 585 00ed F8000000 		.4byte	0xf8
 586 00f1 09       		.uleb128 0x9
 587 00f2 8A000000 		.4byte	0x8a
 588 00f6 FF       		.byte	0xff
 589 00f7 00       		.byte	0
 590 00f8 08       		.uleb128 0x8
 591 00f9 70010000 		.4byte	.LASF15
 592 00fd 03       		.byte	0x3
 593 00fe 7A       		.byte	0x7a
 594 00ff 09010000 		.4byte	0x109
 595 0103 05       		.uleb128 0x5
 596 0104 03       		.byte	0x3
 597 0105 00000000 		.4byte	cy_meta_flashprotect
 598 0109 07       		.uleb128 0x7
 599 010a E8000000 		.4byte	0xe8
 600 010e 05       		.uleb128 0x5
 601 010f 91000000 		.4byte	0x91
 602 0113 1E010000 		.4byte	0x11e
 603 0117 09       		.uleb128 0x9
 604 0118 8A000000 		.4byte	0x8a
 605 011c 0B       		.byte	0xb
 606 011d 00       		.byte	0
 607 011e 08       		.uleb128 0x8
 608 011f 0A000000 		.4byte	.LASF16
 609 0123 03       		.byte	0x3
 610 0124 A7       		.byte	0xa7
 611 0125 2F010000 		.4byte	0x12f
 612 0129 05       		.uleb128 0x5
 613 012a 03       		.byte	0x3
 614 012b 00000000 		.4byte	cy_metadata
 615 012f 07       		.uleb128 0x7
 616 0130 0E010000 		.4byte	0x10e
 617 0134 00       		.byte	0
 618              		.section	.debug_abbrev,"",%progbits
 619              	.Ldebug_abbrev0:
 620 0000 01       		.uleb128 0x1
 621 0001 11       		.uleb128 0x11
 622 0002 01       		.byte	0x1
 623 0003 25       		.uleb128 0x25
ARM GAS  C:\Users\E531\AppData\Local\Temp\ccLs98XZ.s 			page 12


 624 0004 0E       		.uleb128 0xe
 625 0005 13       		.uleb128 0x13
 626 0006 0B       		.uleb128 0xb
 627 0007 03       		.uleb128 0x3
 628 0008 0E       		.uleb128 0xe
 629 0009 1B       		.uleb128 0x1b
 630 000a 0E       		.uleb128 0xe
 631 000b 10       		.uleb128 0x10
 632 000c 17       		.uleb128 0x17
 633 000d 00       		.byte	0
 634 000e 00       		.byte	0
 635 000f 02       		.uleb128 0x2
 636 0010 24       		.uleb128 0x24
 637 0011 00       		.byte	0
 638 0012 0B       		.uleb128 0xb
 639 0013 0B       		.uleb128 0xb
 640 0014 3E       		.uleb128 0x3e
 641 0015 0B       		.uleb128 0xb
 642 0016 03       		.uleb128 0x3
 643 0017 0E       		.uleb128 0xe
 644 0018 00       		.byte	0
 645 0019 00       		.byte	0
 646 001a 03       		.uleb128 0x3
 647 001b 16       		.uleb128 0x16
 648 001c 00       		.byte	0
 649 001d 03       		.uleb128 0x3
 650 001e 0E       		.uleb128 0xe
 651 001f 3A       		.uleb128 0x3a
 652 0020 0B       		.uleb128 0xb
 653 0021 3B       		.uleb128 0x3b
 654 0022 0B       		.uleb128 0xb
 655 0023 49       		.uleb128 0x49
 656 0024 13       		.uleb128 0x13
 657 0025 00       		.byte	0
 658 0026 00       		.byte	0
 659 0027 04       		.uleb128 0x4
 660 0028 24       		.uleb128 0x24
 661 0029 00       		.byte	0
 662 002a 0B       		.uleb128 0xb
 663 002b 0B       		.uleb128 0xb
 664 002c 3E       		.uleb128 0x3e
 665 002d 0B       		.uleb128 0xb
 666 002e 03       		.uleb128 0x3
 667 002f 08       		.uleb128 0x8
 668 0030 00       		.byte	0
 669 0031 00       		.byte	0
 670 0032 05       		.uleb128 0x5
 671 0033 01       		.uleb128 0x1
 672 0034 01       		.byte	0x1
 673 0035 49       		.uleb128 0x49
 674 0036 13       		.uleb128 0x13
 675 0037 01       		.uleb128 0x1
 676 0038 13       		.uleb128 0x13
 677 0039 00       		.byte	0
 678 003a 00       		.byte	0
 679 003b 06       		.uleb128 0x6
 680 003c 21       		.uleb128 0x21
ARM GAS  C:\Users\E531\AppData\Local\Temp\ccLs98XZ.s 			page 13


 681 003d 00       		.byte	0
 682 003e 49       		.uleb128 0x49
 683 003f 13       		.uleb128 0x13
 684 0040 2F       		.uleb128 0x2f
 685 0041 05       		.uleb128 0x5
 686 0042 00       		.byte	0
 687 0043 00       		.byte	0
 688 0044 07       		.uleb128 0x7
 689 0045 26       		.uleb128 0x26
 690 0046 00       		.byte	0
 691 0047 49       		.uleb128 0x49
 692 0048 13       		.uleb128 0x13
 693 0049 00       		.byte	0
 694 004a 00       		.byte	0
 695 004b 08       		.uleb128 0x8
 696 004c 34       		.uleb128 0x34
 697 004d 00       		.byte	0
 698 004e 03       		.uleb128 0x3
 699 004f 0E       		.uleb128 0xe
 700 0050 3A       		.uleb128 0x3a
 701 0051 0B       		.uleb128 0xb
 702 0052 3B       		.uleb128 0x3b
 703 0053 0B       		.uleb128 0xb
 704 0054 49       		.uleb128 0x49
 705 0055 13       		.uleb128 0x13
 706 0056 3F       		.uleb128 0x3f
 707 0057 19       		.uleb128 0x19
 708 0058 02       		.uleb128 0x2
 709 0059 18       		.uleb128 0x18
 710 005a 00       		.byte	0
 711 005b 00       		.byte	0
 712 005c 09       		.uleb128 0x9
 713 005d 21       		.uleb128 0x21
 714 005e 00       		.byte	0
 715 005f 49       		.uleb128 0x49
 716 0060 13       		.uleb128 0x13
 717 0061 2F       		.uleb128 0x2f
 718 0062 0B       		.uleb128 0xb
 719 0063 00       		.byte	0
 720 0064 00       		.byte	0
 721 0065 00       		.byte	0
 722              		.section	.debug_aranges,"",%progbits
 723 0000 14000000 		.4byte	0x14
 724 0004 0200     		.2byte	0x2
 725 0006 00000000 		.4byte	.Ldebug_info0
 726 000a 04       		.byte	0x4
 727 000b 00       		.byte	0
 728 000c 0000     		.2byte	0
 729 000e 0000     		.2byte	0
 730 0010 00000000 		.4byte	0
 731 0014 00000000 		.4byte	0
 732              		.section	.debug_line,"",%progbits
 733              	.Ldebug_line0:
 734 0000 3D010000 		.section	.debug_str,"MS",%progbits,1
 734      02003701 
 734      00000201 
 734      FB0E0D00 
ARM GAS  C:\Users\E531\AppData\Local\Temp\ccLs98XZ.s 			page 14


 734      01010101 
 735              	.LASF9:
 736 0000 5F5F7569 		.ascii	"__uint8_t\000"
 736      6E74385F 
 736      7400
 737              	.LASF16:
 738 000a 63795F6D 		.ascii	"cy_metadata\000"
 738      65746164 
 738      61746100 
 739              	.LASF1:
 740 0016 756E7369 		.ascii	"unsigned char\000"
 740      676E6564 
 740      20636861 
 740      7200
 741              	.LASF17:
 742 0024 474E5520 		.ascii	"GNU C11 5.4.1 20160609 (release) [ARM/embedded-5-br"
 742      43313120 
 742      352E342E 
 742      31203230 
 742      31363036 
 743 0057 616E6368 		.ascii	"anch revision 237715] -mcpu=cortex-m3 -mthumb -g -O"
 743      20726576 
 743      6973696F 
 743      6E203233 
 743      37373135 
 744 008a 67202D66 		.ascii	"g -ffunction-sections -ffat-lto-objects\000"
 744      66756E63 
 744      74696F6E 
 744      2D736563 
 744      74696F6E 
 745              	.LASF5:
 746 00b2 6C6F6E67 		.ascii	"long unsigned int\000"
 746      20756E73 
 746      69676E65 
 746      6420696E 
 746      7400
 747              	.LASF3:
 748 00c4 73686F72 		.ascii	"short unsigned int\000"
 748      7420756E 
 748      7369676E 
 748      65642069 
 748      6E7400
 749              	.LASF13:
 750 00d7 63795F6D 		.ascii	"cy_meta_custnvl\000"
 750      6574615F 
 750      63757374 
 750      6E766C00 
 751              	.LASF12:
 752 00e7 63795F6D 		.ascii	"cy_meta_configecc\000"
 752      6574615F 
 752      636F6E66 
 752      69676563 
 752      6300
 753              	.LASF8:
 754 00f9 756E7369 		.ascii	"unsigned int\000"
 754      676E6564 
 754      20696E74 
ARM GAS  C:\Users\E531\AppData\Local\Temp\ccLs98XZ.s 			page 15


 754      00
 755              	.LASF7:
 756 0106 6C6F6E67 		.ascii	"long long unsigned int\000"
 756      206C6F6E 
 756      6720756E 
 756      7369676E 
 756      65642069 
 757              	.LASF10:
 758 011d 75696E74 		.ascii	"uint8_t\000"
 758      385F7400 
 759              	.LASF19:
 760 0125 433A5C55 		.ascii	"C:\\Users\\E531\\Desktop\\Programables\\Programable"
 760      73657273 
 760      5C453533 
 760      315C4465 
 760      736B746F 
 761 0153 735C576F 		.ascii	"s\\Workspace01\\Design01.cydsn\000"
 761      726B7370 
 761      61636530 
 761      315C4465 
 761      7369676E 
 762              	.LASF15:
 763 0170 63795F6D 		.ascii	"cy_meta_flashprotect\000"
 763      6574615F 
 763      666C6173 
 763      6870726F 
 763      74656374 
 764              	.LASF14:
 765 0185 63795F6D 		.ascii	"cy_meta_wonvl\000"
 765      6574615F 
 765      776F6E76 
 765      6C00
 766              	.LASF11:
 767 0193 73697A65 		.ascii	"sizetype\000"
 767      74797065 
 767      00
 768              	.LASF6:
 769 019c 6C6F6E67 		.ascii	"long long int\000"
 769      206C6F6E 
 769      6720696E 
 769      7400
 770              	.LASF2:
 771 01aa 73686F72 		.ascii	"short int\000"
 771      7420696E 
 771      7400
 772              	.LASF4:
 773 01b4 6C6F6E67 		.ascii	"long int\000"
 773      20696E74 
 773      00
 774              	.LASF0:
 775 01bd 7369676E 		.ascii	"signed char\000"
 775      65642063 
 775      68617200 
 776              	.LASF18:
 777 01c9 47656E65 		.ascii	"Generated_Source\\PSoC5\\cymetadata.c\000"
 777      72617465 
 777      645F536F 
ARM GAS  C:\Users\E531\AppData\Local\Temp\ccLs98XZ.s 			page 16


 777      75726365 
 777      5C50536F 
 778              		.ident	"GCC: (GNU Tools for ARM Embedded Processors) 5.4.1 20160609 (release) [ARM/embedded-5-bran
